{"/home/runner/work/Optical-Rx-Now/Optical-Rx-Now/frontend/app/_layout.tsx": {"path":"/home/runner/work/Optical-Rx-Now/Optical-Rx-Now/frontend/app/_layout.tsx","statementMap":{"0":{"start":{"line":14,"column":44},"end":{"line":14,"column":74}},"1":{"start":{"line":15,"column":42},"end":{"line":15,"column":57}},"2":{"start":{"line":16,"column":40},"end":{"line":16,"column":55}},"3":{"start":{"line":18,"column":2},"end":{"line":21,"column":9}},"4":{"start":{"line":19,"column":20},"end":{"line":19,"column":46}},"5":{"start":{"line":20,"column":4},"end":{"line":20,"column":19}},"6":{"start":{"line":23,"column":2},"end":{"line":52,"column":9}},"7":{"start":{"line":24,"column":21},"end":{"line":49,"column":5}},"8":{"start":{"line":25,"column":6},"end":{"line":48,"column":7}},"9":{"start":{"line":27,"column":8},"end":{"line":33,"column":9}},"10":{"start":{"line":28,"column":10},"end":{"line":28,"column":72}},"11":{"start":{"line":29,"column":10},"end":{"line":29,"column":33}},"12":{"start":{"line":30,"column":10},"end":{"line":30,"column":32}},"13":{"start":{"line":31,"column":10},"end":{"line":31,"column":33}},"14":{"start":{"line":32,"column":10},"end":{"line":32,"column":17}},"15":{"start":{"line":35,"column":25},"end":{"line":35,"column":53}},"16":{"start":{"line":36,"column":25},"end":{"line":36,"column":49}},"17":{"start":{"line":38,"column":8},"end":{"line":38,"column":35}},"18":{"start":{"line":39,"column":8},"end":{"line":39,"column":33}},"19":{"start":{"line":41,"column":8},"end":{"line":43,"column":9}},"20":{"start":{"line":42,"column":10},"end":{"line":42,"column":32}},"21":{"start":{"line":45,"column":8},"end":{"line":45,"column":65}},"22":{"start":{"line":46,"column":8},"end":{"line":46,"column":32}},"23":{"start":{"line":47,"column":8},"end":{"line":47,"column":30}},"24":{"start":{"line":51,"column":4},"end":{"line":51,"column":15}},"25":{"start":{"line":54,"column":2},"end":{"line":62,"column":36}},"26":{"start":{"line":55,"column":4},"end":{"line":61,"column":5}},"27":{"start":{"line":56,"column":26},"end":{"line":59,"column":7}},"28":{"start":{"line":58,"column":14},"end":{"line":58,"column":18}},"29":{"start":{"line":60,"column":6},"end":{"line":60,"column":40}},"30":{"start":{"line":60,"column":19},"end":{"line":60,"column":39}},"31":{"start":{"line":64,"column":28},"end":{"line":68,"column":3}},"32":{"start":{"line":65,"column":4},"end":{"line":65,"column":27}},"33":{"start":{"line":66,"column":4},"end":{"line":66,"column":27}},"34":{"start":{"line":67,"column":4},"end":{"line":67,"column":26}},"35":{"start":{"line":70,"column":28},"end":{"line":77,"column":3}},"36":{"start":{"line":71,"column":4},"end":{"line":76,"column":5}},"37":{"start":{"line":72,"column":6},"end":{"line":72,"column":28}},"38":{"start":{"line":74,"column":6},"end":{"line":74,"column":27}},"39":{"start":{"line":75,"column":6},"end":{"line":75,"column":29}},"40":{"start":{"line":79,"column":2},"end":{"line":88,"column":3}},"41":{"start":{"line":80,"column":4},"end":{"line":87,"column":6}},"42":{"start":{"line":90,"column":2},"end":{"line":114,"column":3}},"43":{"start":{"line":91,"column":4},"end":{"line":113,"column":6}},"44":{"start":{"line":116,"column":2},"end":{"line":143,"column":4}},"45":{"start":{"line":146,"column":15},"end":{"line":199,"column":2}}},"fnMap":{"0":{"name":"RootLayout","decl":{"start":{"line":13,"column":24},"end":{"line":13,"column":34}},"loc":{"start":{"line":13,"column":37},"end":{"line":144,"column":1}},"line":13},"1":{"name":"(anonymous_1)","decl":{"start":{"line":18,"column":12},"end":{"line":18,"column":13}},"loc":{"start":{"line":18,"column":18},"end":{"line":21,"column":3}},"line":18},"2":{"name":"(anonymous_2)","decl":{"start":{"line":23,"column":12},"end":{"line":23,"column":13}},"loc":{"start":{"line":23,"column":18},"end":{"line":52,"column":3}},"line":23},"3":{"name":"(anonymous_3)","decl":{"start":{"line":24,"column":21},"end":{"line":24,"column":22}},"loc":{"start":{"line":24,"column":33},"end":{"line":49,"column":5}},"line":24},"4":{"name":"(anonymous_4)","decl":{"start":{"line":54,"column":12},"end":{"line":54,"column":13}},"loc":{"start":{"line":54,"column":18},"end":{"line":62,"column":3}},"line":54},"5":{"name":"(anonymous_5)","decl":{"start":{"line":58,"column":8},"end":{"line":58,"column":9}},"loc":{"start":{"line":58,"column":14},"end":{"line":58,"column":18}},"line":58},"6":{"name":"(anonymous_6)","decl":{"start":{"line":60,"column":13},"end":{"line":60,"column":14}},"loc":{"start":{"line":60,"column":19},"end":{"line":60,"column":39}},"line":60},"7":{"name":"(anonymous_7)","decl":{"start":{"line":64,"column":28},"end":{"line":64,"column":29}},"loc":{"start":{"line":64,"column":34},"end":{"line":68,"column":3}},"line":64},"8":{"name":"(anonymous_8)","decl":{"start":{"line":70,"column":28},"end":{"line":70,"column":29}},"loc":{"start":{"line":70,"column":34},"end":{"line":77,"column":3}},"line":70}},"branchMap":{"0":{"loc":{"start":{"line":27,"column":8},"end":{"line":33,"column":9}},"type":"if","locations":[{"start":{"line":27,"column":8},"end":{"line":33,"column":9}},{"start":{},"end":{}}],"line":27},"1":{"loc":{"start":{"line":41,"column":8},"end":{"line":43,"column":9}},"type":"if","locations":[{"start":{"line":41,"column":8},"end":{"line":43,"column":9}},{"start":{},"end":{}}],"line":41},"2":{"loc":{"start":{"line":41,"column":12},"end":{"line":41,"column":34}},"type":"binary-expr","locations":[{"start":{"line":41,"column":12},"end":{"line":41,"column":21}},{"start":{"line":41,"column":25},"end":{"line":41,"column":34}}],"line":41},"3":{"loc":{"start":{"line":55,"column":4},"end":{"line":61,"column":5}},"type":"if","locations":[{"start":{"line":55,"column":4},"end":{"line":61,"column":5}},{"start":{},"end":{}}],"line":55},"4":{"loc":{"start":{"line":55,"column":8},"end":{"line":55,"column":67}},"type":"binary-expr","locations":[{"start":{"line":55,"column":8},"end":{"line":55,"column":33}},{"start":{"line":55,"column":37},"end":{"line":55,"column":49}},{"start":{"line":55,"column":53},"end":{"line":55,"column":67}}],"line":55},"5":{"loc":{"start":{"line":71,"column":4},"end":{"line":76,"column":5}},"type":"if","locations":[{"start":{"line":71,"column":4},"end":{"line":76,"column":5}},{"start":{"line":73,"column":11},"end":{"line":76,"column":5}}],"line":71},"6":{"loc":{"start":{"line":79,"column":2},"end":{"line":88,"column":3}},"type":"if","locations":[{"start":{"line":79,"column":2},"end":{"line":88,"column":3}},{"start":{},"end":{}}],"line":79},"7":{"loc":{"start":{"line":90,"column":2},"end":{"line":114,"column":3}},"type":"if","locations":[{"start":{"line":90,"column":2},"end":{"line":114,"column":3}},{"start":{},"end":{}}],"line":90},"8":{"loc":{"start":{"line":90,"column":6},"end":{"line":90,"column":42}},"type":"binary-expr","locations":[{"start":{"line":90,"column":6},"end":{"line":90,"column":17}},{"start":{"line":90,"column":21},"end":{"line":90,"column":42}}],"line":90}},"s":{"0":0,"1":0,"2":0,"3":0,"4":0,"5":0,"6":0,"7":0,"8":0,"9":0,"10":0,"11":0,"12":0,"13":0,"14":0,"15":0,"16":0,"17":0,"18":0,"19":0,"20":0,"21":0,"22":0,"23":0,"24":0,"25":0,"26":0,"27":0,"28":0,"29":0,"30":0,"31":0,"32":0,"33":0,"34":0,"35":0,"36":0,"37":0,"38":0,"39":0,"40":0,"41":0,"42":0,"43":0,"44":0,"45":0},"f":{"0":0,"1":0,"2":0,"3":0,"4":0,"5":0,"6":0,"7":0,"8":0},"b":{"0":[0,0],"1":[0,0],"2":[0,0],"3":[0,0],"4":[0,0,0],"5":[0,0],"6":[0,0],"7":[0,0],"8":[0,0]}}
,"/home/runner/work/Optical-Rx-Now/Optical-Rx-Now/frontend/app/add-member.tsx": {"path":"/home/runner/work/Optical-Rx-Now/Optical-Rx-Now/frontend/app/add-member.tsx","statementMap":{"0":{"start":{"line":20,"column":29},"end":{"line":27,"column":1}},"1":{"start":{"line":30,"column":17},"end":{"line":30,"column":28}},"2":{"start":{"line":31,"column":26},"end":{"line":31,"column":38}},"3":{"start":{"line":32,"column":42},"end":{"line":32,"column":54}},"4":{"start":{"line":33,"column":30},"end":{"line":33,"column":45}},"5":{"start":{"line":36,"column":2},"end":{"line":56,"column":35}},"6":{"start":{"line":37,"column":4},"end":{"line":55,"column":5}},"7":{"start":{"line":38,"column":26},"end":{"line":52,"column":8}},"8":{"start":{"line":39,"column":8},"end":{"line":50,"column":9}},"9":{"start":{"line":41,"column":10},"end":{"line":48,"column":12}},"10":{"start":{"line":46,"column":70},"end":{"line":46,"column":83}},"11":{"start":{"line":49,"column":10},"end":{"line":49,"column":22}},"12":{"start":{"line":51,"column":8},"end":{"line":51,"column":21}},"13":{"start":{"line":54,"column":6},"end":{"line":54,"column":40}},"14":{"start":{"line":54,"column":19},"end":{"line":54,"column":39}},"15":{"start":{"line":58,"column":21},"end":{"line":113,"column":3}},"16":{"start":{"line":60,"column":4},"end":{"line":60,"column":23}},"17":{"start":{"line":60,"column":16},"end":{"line":60,"column":23}},"18":{"start":{"line":62,"column":24},"end":{"line":62,"column":35}},"19":{"start":{"line":64,"column":4},"end":{"line":67,"column":5}},"20":{"start":{"line":65,"column":6},"end":{"line":65,"column":50}},"21":{"start":{"line":66,"column":6},"end":{"line":66,"column":13}},"22":{"start":{"line":68,"column":4},"end":{"line":71,"column":5}},"23":{"start":{"line":69,"column":6},"end":{"line":69,"column":59}},"24":{"start":{"line":70,"column":6},"end":{"line":70,"column":13}},"25":{"start":{"line":74,"column":4},"end":{"line":77,"column":5}},"26":{"start":{"line":75,"column":6},"end":{"line":75,"column":82}},"27":{"start":{"line":76,"column":6},"end":{"line":76,"column":13}},"28":{"start":{"line":79,"column":4},"end":{"line":79,"column":20}},"29":{"start":{"line":80,"column":4},"end":{"line":112,"column":5}},"30":{"start":{"line":81,"column":6},"end":{"line":81,"column":57}},"31":{"start":{"line":82,"column":24},"end":{"line":82,"column":85}},"32":{"start":{"line":83,"column":6},"end":{"line":83,"column":68}},"33":{"start":{"line":86,"column":6},"end":{"line":86,"column":61}},"34":{"start":{"line":86,"column":35},"end":{"line":86,"column":59}},"35":{"start":{"line":89,"column":6},"end":{"line":89,"column":23}},"36":{"start":{"line":92,"column":6},"end":{"line":92,"column":39}},"37":{"start":{"line":94,"column":6},"end":{"line":94,"column":60}},"38":{"start":{"line":97,"column":25},"end":{"line":97,"column":74}},"39":{"start":{"line":99,"column":6},"end":{"line":107,"column":7}},"40":{"start":{"line":100,"column":8},"end":{"line":106,"column":9}},"41":{"start":{"line":101,"column":10},"end":{"line":101,"column":85}},"42":{"start":{"line":102,"column":15},"end":{"line":106,"column":9}},"43":{"start":{"line":103,"column":10},"end":{"line":103,"column":74}},"44":{"start":{"line":105,"column":10},"end":{"line":105,"column":73}},"45":{"start":{"line":109,"column":6},"end":{"line":109,"column":41}},"46":{"start":{"line":111,"column":6},"end":{"line":111,"column":23}},"47":{"start":{"line":115,"column":2},"end":{"line":189,"column":4}},"48":{"start":{"line":123,"column":43},"end":{"line":123,"column":56}},"49":{"start":{"line":146,"column":14},"end":{"line":162,"column":33}},"50":{"start":{"line":152,"column":31},"end":{"line":152,"column":54}},"51":{"start":{"line":192,"column":15},"end":{"line":290,"column":2}}},"fnMap":{"0":{"name":"AddMemberScreen","decl":{"start":{"line":29,"column":24},"end":{"line":29,"column":39}},"loc":{"start":{"line":29,"column":42},"end":{"line":190,"column":1}},"line":29},"1":{"name":"(anonymous_1)","decl":{"start":{"line":36,"column":12},"end":{"line":36,"column":13}},"loc":{"start":{"line":36,"column":18},"end":{"line":56,"column":3}},"line":36},"2":{"name":"(anonymous_2)","decl":{"start":{"line":38,"column":76},"end":{"line":38,"column":77}},"loc":{"start":{"line":38,"column":82},"end":{"line":52,"column":7}},"line":38},"3":{"name":"(anonymous_3)","decl":{"start":{"line":46,"column":64},"end":{"line":46,"column":65}},"loc":{"start":{"line":46,"column":70},"end":{"line":46,"column":83}},"line":46},"4":{"name":"(anonymous_4)","decl":{"start":{"line":54,"column":13},"end":{"line":54,"column":14}},"loc":{"start":{"line":54,"column":19},"end":{"line":54,"column":39}},"line":54},"5":{"name":"(anonymous_5)","decl":{"start":{"line":58,"column":21},"end":{"line":58,"column":22}},"loc":{"start":{"line":58,"column":33},"end":{"line":113,"column":3}},"line":58},"6":{"name":"(anonymous_6)","decl":{"start":{"line":86,"column":24},"end":{"line":86,"column":25}},"loc":{"start":{"line":86,"column":35},"end":{"line":86,"column":59}},"line":86},"7":{"name":"(anonymous_7)","decl":{"start":{"line":123,"column":37},"end":{"line":123,"column":38}},"loc":{"start":{"line":123,"column":43},"end":{"line":123,"column":56}},"line":123},"8":{"name":"(anonymous_8)","decl":{"start":{"line":145,"column":38},"end":{"line":145,"column":39}},"loc":{"start":{"line":146,"column":14},"end":{"line":162,"column":33}},"line":146},"9":{"name":"(anonymous_9)","decl":{"start":{"line":152,"column":25},"end":{"line":152,"column":26}},"loc":{"start":{"line":152,"column":31},"end":{"line":152,"column":54}},"line":152}},"branchMap":{"0":{"loc":{"start":{"line":37,"column":4},"end":{"line":55,"column":5}},"type":"if","locations":[{"start":{"line":37,"column":4},"end":{"line":55,"column":5}},{"start":{},"end":{}}],"line":37},"1":{"loc":{"start":{"line":39,"column":8},"end":{"line":50,"column":9}},"type":"if","locations":[{"start":{"line":39,"column":8},"end":{"line":50,"column":9}},{"start":{},"end":{}}],"line":39},"2":{"loc":{"start":{"line":39,"column":12},"end":{"line":39,"column":39}},"type":"binary-expr","locations":[{"start":{"line":39,"column":12},"end":{"line":39,"column":23}},{"start":{"line":39,"column":27},"end":{"line":39,"column":39}}],"line":39},"3":{"loc":{"start":{"line":60,"column":4},"end":{"line":60,"column":23}},"type":"if","locations":[{"start":{"line":60,"column":4},"end":{"line":60,"column":23}},{"start":{},"end":{}}],"line":60},"4":{"loc":{"start":{"line":64,"column":4},"end":{"line":67,"column":5}},"type":"if","locations":[{"start":{"line":64,"column":4},"end":{"line":67,"column":5}},{"start":{},"end":{}}],"line":64},"5":{"loc":{"start":{"line":68,"column":4},"end":{"line":71,"column":5}},"type":"if","locations":[{"start":{"line":68,"column":4},"end":{"line":71,"column":5}},{"start":{},"end":{}}],"line":68},"6":{"loc":{"start":{"line":74,"column":4},"end":{"line":77,"column":5}},"type":"if","locations":[{"start":{"line":74,"column":4},"end":{"line":77,"column":5}},{"start":{},"end":{}}],"line":74},"7":{"loc":{"start":{"line":99,"column":6},"end":{"line":107,"column":7}},"type":"if","locations":[{"start":{"line":99,"column":6},"end":{"line":107,"column":7}},{"start":{},"end":{}}],"line":99},"8":{"loc":{"start":{"line":100,"column":8},"end":{"line":106,"column":9}},"type":"if","locations":[{"start":{"line":100,"column":8},"end":{"line":106,"column":9}},{"start":{"line":102,"column":15},"end":{"line":106,"column":9}}],"line":100},"9":{"loc":{"start":{"line":100,"column":12},"end":{"line":100,"column":80}},"type":"binary-expr","locations":[{"start":{"line":100,"column":12},"end":{"line":100,"column":43}},{"start":{"line":100,"column":47},"end":{"line":100,"column":80}}],"line":100},"10":{"loc":{"start":{"line":102,"column":15},"end":{"line":106,"column":9}},"type":"if","locations":[{"start":{"line":102,"column":15},"end":{"line":106,"column":9}},{"start":{"line":104,"column":15},"end":{"line":106,"column":9}}],"line":102},"11":{"loc":{"start":{"line":118,"column":18},"end":{"line":118,"column":62}},"type":"cond-expr","locations":[{"start":{"line":118,"column":42},"end":{"line":118,"column":51}},{"start":{"line":118,"column":54},"end":{"line":118,"column":62}}],"line":118},"12":{"loc":{"start":{"line":150,"column":18},"end":{"line":150,"column":76}},"type":"binary-expr","locations":[{"start":{"line":150,"column":18},"end":{"line":150,"column":41}},{"start":{"line":150,"column":45},"end":{"line":150,"column":76}}],"line":150},"13":{"loc":{"start":{"line":157,"column":20},"end":{"line":157,"column":76}},"type":"binary-expr","locations":[{"start":{"line":157,"column":20},"end":{"line":157,"column":43}},{"start":{"line":157,"column":47},"end":{"line":157,"column":76}}],"line":157},"14":{"loc":{"start":{"line":172,"column":14},"end":{"line":172,"column":74}},"type":"binary-expr","locations":[{"start":{"line":172,"column":15},"end":{"line":172,"column":27}},{"start":{"line":172,"column":31},"end":{"line":172,"column":44}},{"start":{"line":172,"column":49},"end":{"line":172,"column":74}}],"line":172},"15":{"loc":{"start":{"line":175,"column":22},"end":{"line":175,"column":61}},"type":"binary-expr","locations":[{"start":{"line":175,"column":22},"end":{"line":175,"column":28}},{"start":{"line":175,"column":32},"end":{"line":175,"column":44}},{"start":{"line":175,"column":48},"end":{"line":175,"column":61}}],"line":175},"16":{"loc":{"start":{"line":177,"column":13},"end":{"line":184,"column":13}},"type":"cond-expr","locations":[{"start":{"line":178,"column":14},"end":{"line":178,"column":48}},{"start":{"line":180,"column":14},"end":{"line":183,"column":17}}],"line":177},"17":{"loc":{"start":{"line":270,"column":19},"end":{"line":270,"column":50}},"type":"cond-expr","locations":[{"start":{"line":270,"column":43},"end":{"line":270,"column":45}},{"start":{"line":270,"column":48},"end":{"line":270,"column":50}}],"line":270}},"s":{"0":0,"1":0,"2":0,"3":0,"4":0,"5":0,"6":0,"7":0,"8":0,"9":0,"10":0,"11":0,"12":0,"13":0,"14":0,"15":0,"16":0,"17":0,"18":0,"19":0,"20":0,"21":0,"22":0,"23":0,"24":0,"25":0,"26":0,"27":0,"28":0,"29":0,"30":0,"31":0,"32":0,"33":0,"34":0,"35":0,"36":0,"37":0,"38":0,"39":0,"40":0,"41":0,"42":0,"43":0,"44":0,"45":0,"46":0,"47":0,"48":0,"49":0,"50":0,"51":0},"f":{"0":0,"1":0,"2":0,"3":0,"4":0,"5":0,"6":0,"7":0,"8":0,"9":0},"b":{"0":[0,0],"1":[0,0],"2":[0,0],"3":[0,0],"4":[0,0],"5":[0,0],"6":[0,0],"7":[0,0],"8":[0,0],"9":[0,0],"10":[0,0],"11":[0,0],"12":[0,0],"13":[0,0],"14":[0,0,0],"15":[0,0,0],"16":[0,0],"17":[0,0]}}
,"/home/runner/work/Optical-Rx-Now/Optical-Rx-Now/frontend/app/add-rx.tsx": {"path":"/home/runner/work/Optical-Rx-Now/Optical-Rx-Now/frontend/app/add-rx.tsx","statementMap":{"0":{"start":{"line":23,"column":26},"end":{"line":23,"column":28}},"1":{"start":{"line":25,"column":26},"end":{"line":29,"column":1}},"2":{"start":{"line":27,"column":19},"end":{"line":27,"column":57}},"3":{"start":{"line":28,"column":2},"end":{"line":28,"column":39}},"4":{"start":{"line":32,"column":17},"end":{"line":32,"column":28}},"5":{"start":{"line":33,"column":31},"end":{"line":33,"column":93}},"6":{"start":{"line":34,"column":44},"end":{"line":34,"column":72}},"7":{"start":{"line":35,"column":46},"end":{"line":35,"column":66}},"8":{"start":{"line":36,"column":40},"end":{"line":36,"column":84}},"9":{"start":{"line":37,"column":40},"end":{"line":37,"column":60}},"10":{"start":{"line":38,"column":28},"end":{"line":38,"column":40}},"11":{"start":{"line":39,"column":36},"end":{"line":41,"column":3}},"12":{"start":{"line":42,"column":32},"end":{"line":42,"column":46}},"13":{"start":{"line":43,"column":30},"end":{"line":43,"column":45}},"14":{"start":{"line":44,"column":46},"end":{"line":44,"column":61}},"15":{"start":{"line":46,"column":2},"end":{"line":49,"column":9}},"16":{"start":{"line":47,"column":4},"end":{"line":47,"column":25}},"17":{"start":{"line":48,"column":4},"end":{"line":48,"column":25}},"18":{"start":{"line":52,"column":2},"end":{"line":59,"column":25}},"19":{"start":{"line":53,"column":4},"end":{"line":55,"column":5}},"20":{"start":{"line":54,"column":6},"end":{"line":54,"column":34}},"21":{"start":{"line":56,"column":4},"end":{"line":58,"column":5}},"22":{"start":{"line":57,"column":6},"end":{"line":57,"column":29}},"23":{"start":{"line":62,"column":2},"end":{"line":82,"column":35}},"24":{"start":{"line":63,"column":4},"end":{"line":81,"column":5}},"25":{"start":{"line":64,"column":26},"end":{"line":78,"column":8}},"26":{"start":{"line":65,"column":8},"end":{"line":76,"column":9}},"27":{"start":{"line":67,"column":10},"end":{"line":74,"column":12}},"28":{"start":{"line":72,"column":70},"end":{"line":72,"column":83}},"29":{"start":{"line":75,"column":10},"end":{"line":75,"column":22}},"30":{"start":{"line":77,"column":8},"end":{"line":77,"column":21}},"31":{"start":{"line":80,"column":6},"end":{"line":80,"column":40}},"32":{"start":{"line":80,"column":19},"end":{"line":80,"column":39}},"33":{"start":{"line":84,"column":29},"end":{"line":113,"column":3}},"34":{"start":{"line":85,"column":4},"end":{"line":111,"column":5}},"35":{"start":{"line":87,"column":41},"end":{"line":87,"column":86}},"36":{"start":{"line":88,"column":6},"end":{"line":97,"column":7}},"37":{"start":{"line":89,"column":41},"end":{"line":89,"column":90}},"38":{"start":{"line":90,"column":8},"end":{"line":96,"column":9}},"39":{"start":{"line":91,"column":10},"end":{"line":94,"column":12}},"40":{"start":{"line":95,"column":10},"end":{"line":95,"column":23}},"41":{"start":{"line":100,"column":40},"end":{"line":100,"column":91}},"42":{"start":{"line":101,"column":6},"end":{"line":110,"column":7}},"43":{"start":{"line":102,"column":40},"end":{"line":102,"column":95}},"44":{"start":{"line":103,"column":8},"end":{"line":109,"column":9}},"45":{"start":{"line":104,"column":10},"end":{"line":107,"column":12}},"46":{"start":{"line":108,"column":10},"end":{"line":108,"column":23}},"47":{"start":{"line":112,"column":4},"end":{"line":112,"column":16}},"48":{"start":{"line":115,"column":29},"end":{"line":127,"column":3}},"49":{"start":{"line":116,"column":4},"end":{"line":126,"column":5}},"50":{"start":{"line":117,"column":19},"end":{"line":117,"column":43}},"51":{"start":{"line":118,"column":6},"end":{"line":118,"column":29}},"52":{"start":{"line":119,"column":6},"end":{"line":121,"column":7}},"53":{"start":{"line":120,"column":8},"end":{"line":120,"column":38}},"54":{"start":{"line":123,"column":6},"end":{"line":123,"column":61}},"55":{"start":{"line":125,"column":6},"end":{"line":125,"column":24}},"56":{"start":{"line":129,"column":34},"end":{"line":186,"column":3}},"57":{"start":{"line":130,"column":4},"end":{"line":185,"column":5}},"58":{"start":{"line":131,"column":41},"end":{"line":131,"column":86}},"59":{"start":{"line":134,"column":6},"end":{"line":153,"column":7}},"60":{"start":{"line":135,"column":8},"end":{"line":151,"column":10}},"61":{"start":{"line":143,"column":16},"end":{"line":147,"column":17}},"62":{"start":{"line":144,"column":18},"end":{"line":144,"column":51}},"63":{"start":{"line":146,"column":18},"end":{"line":146,"column":41}},"64":{"start":{"line":152,"column":8},"end":{"line":152,"column":21}},"65":{"start":{"line":155,"column":6},"end":{"line":180,"column":7}},"66":{"start":{"line":157,"column":8},"end":{"line":176,"column":11}},"67":{"start":{"line":158,"column":10},"end":{"line":175,"column":12}},"68":{"start":{"line":165,"column":31},"end":{"line":165,"column":45}},"69":{"start":{"line":170,"column":37},"end":{"line":170,"column":86}},"70":{"start":{"line":171,"column":18},"end":{"line":171,"column":48}},"71":{"start":{"line":178,"column":27},"end":{"line":178,"column":76}},"72":{"start":{"line":179,"column":8},"end":{"line":179,"column":36}},"73":{"start":{"line":182,"column":6},"end":{"line":182,"column":66}},"74":{"start":{"line":183,"column":6},"end":{"line":183,"column":85}},"75":{"start":{"line":184,"column":6},"end":{"line":184,"column":19}},"76":{"start":{"line":188,"column":20},"end":{"line":242,"column":3}},"77":{"start":{"line":190,"column":4},"end":{"line":190,"column":31}},"78":{"start":{"line":190,"column":24},"end":{"line":190,"column":31}},"79":{"start":{"line":191,"column":4},"end":{"line":191,"column":28}},"80":{"start":{"line":193,"column":4},"end":{"line":241,"column":5}},"81":{"start":{"line":195,"column":22},"end":{"line":195,"column":53}},"82":{"start":{"line":196,"column":6},"end":{"line":198,"column":7}},"83":{"start":{"line":197,"column":8},"end":{"line":197,"column":15}},"84":{"start":{"line":200,"column":21},"end":{"line":207,"column":8}},"85":{"start":{"line":209,"column":6},"end":{"line":221,"column":7}},"86":{"start":{"line":210,"column":27},"end":{"line":210,"column":50}},"87":{"start":{"line":212,"column":8},"end":{"line":218,"column":9}},"88":{"start":{"line":213,"column":10},"end":{"line":216,"column":12}},"89":{"start":{"line":217,"column":10},"end":{"line":217,"column":17}},"90":{"start":{"line":220,"column":8},"end":{"line":220,"column":63}},"91":{"start":{"line":223,"column":6},"end":{"line":223,"column":44}},"92":{"start":{"line":225,"column":25},"end":{"line":225,"column":106}},"93":{"start":{"line":227,"column":6},"end":{"line":236,"column":7}},"94":{"start":{"line":228,"column":8},"end":{"line":235,"column":9}},"95":{"start":{"line":229,"column":10},"end":{"line":229,"column":116}},"96":{"start":{"line":230,"column":15},"end":{"line":235,"column":9}},"97":{"start":{"line":232,"column":10},"end":{"line":232,"column":17}},"98":{"start":{"line":233,"column":15},"end":{"line":235,"column":9}},"99":{"start":{"line":234,"column":10},"end":{"line":234,"column":101}},"100":{"start":{"line":238,"column":6},"end":{"line":238,"column":66}},"101":{"start":{"line":240,"column":6},"end":{"line":240,"column":31}},"102":{"start":{"line":244,"column":40},"end":{"line":301,"column":3}},"103":{"start":{"line":245,"column":4},"end":{"line":300,"column":5}},"104":{"start":{"line":246,"column":41},"end":{"line":246,"column":92}},"105":{"start":{"line":249,"column":6},"end":{"line":268,"column":7}},"106":{"start":{"line":250,"column":8},"end":{"line":266,"column":10}},"107":{"start":{"line":258,"column":16},"end":{"line":262,"column":17}},"108":{"start":{"line":259,"column":18},"end":{"line":259,"column":51}},"109":{"start":{"line":261,"column":18},"end":{"line":261,"column":41}},"110":{"start":{"line":267,"column":8},"end":{"line":267,"column":21}},"111":{"start":{"line":270,"column":6},"end":{"line":295,"column":7}},"112":{"start":{"line":272,"column":8},"end":{"line":291,"column":11}},"113":{"start":{"line":273,"column":10},"end":{"line":290,"column":12}},"114":{"start":{"line":280,"column":31},"end":{"line":280,"column":45}},"115":{"start":{"line":285,"column":37},"end":{"line":285,"column":92}},"116":{"start":{"line":286,"column":18},"end":{"line":286,"column":48}},"117":{"start":{"line":293,"column":27},"end":{"line":293,"column":82}},"118":{"start":{"line":294,"column":8},"end":{"line":294,"column":36}},"119":{"start":{"line":297,"column":6},"end":{"line":297,"column":73}},"120":{"start":{"line":298,"column":6},"end":{"line":298,"column":92}},"121":{"start":{"line":299,"column":6},"end":{"line":299,"column":19}},"122":{"start":{"line":303,"column":20},"end":{"line":355,"column":3}},"123":{"start":{"line":305,"column":4},"end":{"line":305,"column":31}},"124":{"start":{"line":305,"column":24},"end":{"line":305,"column":31}},"125":{"start":{"line":306,"column":4},"end":{"line":306,"column":28}},"126":{"start":{"line":308,"column":4},"end":{"line":354,"column":5}},"127":{"start":{"line":310,"column":22},"end":{"line":310,"column":59}},"128":{"start":{"line":311,"column":6},"end":{"line":313,"column":7}},"129":{"start":{"line":312,"column":8},"end":{"line":312,"column":15}},"130":{"start":{"line":315,"column":21},"end":{"line":322,"column":8}},"131":{"start":{"line":324,"column":6},"end":{"line":336,"column":7}},"132":{"start":{"line":325,"column":27},"end":{"line":325,"column":50}},"133":{"start":{"line":327,"column":8},"end":{"line":333,"column":9}},"134":{"start":{"line":328,"column":10},"end":{"line":331,"column":12}},"135":{"start":{"line":332,"column":10},"end":{"line":332,"column":17}},"136":{"start":{"line":335,"column":8},"end":{"line":335,"column":63}},"137":{"start":{"line":338,"column":6},"end":{"line":338,"column":50}},"138":{"start":{"line":340,"column":25},"end":{"line":340,"column":76}},"139":{"start":{"line":342,"column":6},"end":{"line":349,"column":7}},"140":{"start":{"line":343,"column":8},"end":{"line":348,"column":9}},"141":{"start":{"line":345,"column":10},"end":{"line":345,"column":17}},"142":{"start":{"line":346,"column":15},"end":{"line":348,"column":9}},"143":{"start":{"line":347,"column":10},"end":{"line":347,"column":91}},"144":{"start":{"line":351,"column":6},"end":{"line":351,"column":73}},"145":{"start":{"line":353,"column":6},"end":{"line":353,"column":31}},"146":{"start":{"line":357,"column":21},"end":{"line":399,"column":3}},"147":{"start":{"line":359,"column":4},"end":{"line":359,"column":23}},"148":{"start":{"line":359,"column":16},"end":{"line":359,"column":23}},"149":{"start":{"line":361,"column":4},"end":{"line":364,"column":5}},"150":{"start":{"line":362,"column":6},"end":{"line":362,"column":60}},"151":{"start":{"line":363,"column":6},"end":{"line":363,"column":13}},"152":{"start":{"line":365,"column":4},"end":{"line":368,"column":5}},"153":{"start":{"line":366,"column":6},"end":{"line":366,"column":84}},"154":{"start":{"line":367,"column":6},"end":{"line":367,"column":13}},"155":{"start":{"line":370,"column":4},"end":{"line":370,"column":20}},"156":{"start":{"line":371,"column":4},"end":{"line":398,"column":5}},"157":{"start":{"line":372,"column":6},"end":{"line":378,"column":9}},"158":{"start":{"line":379,"column":6},"end":{"line":379,"column":20}},"159":{"start":{"line":381,"column":6},"end":{"line":381,"column":57}},"160":{"start":{"line":383,"column":25},"end":{"line":383,"column":73}},"161":{"start":{"line":385,"column":6},"end":{"line":393,"column":7}},"162":{"start":{"line":386,"column":8},"end":{"line":392,"column":9}},"163":{"start":{"line":387,"column":10},"end":{"line":387,"column":85}},"164":{"start":{"line":388,"column":15},"end":{"line":392,"column":9}},"165":{"start":{"line":389,"column":10},"end":{"line":389,"column":82}},"166":{"start":{"line":391,"column":10},"end":{"line":391,"column":73}},"167":{"start":{"line":395,"column":6},"end":{"line":395,"column":41}},"168":{"start":{"line":397,"column":6},"end":{"line":397,"column":23}},"169":{"start":{"line":401,"column":2},"end":{"line":409,"column":3}},"170":{"start":{"line":402,"column":4},"end":{"line":408,"column":6}},"171":{"start":{"line":411,"column":2},"end":{"line":439,"column":3}},"172":{"start":{"line":412,"column":4},"end":{"line":438,"column":6}},"173":{"start":{"line":415,"column":43},"end":{"line":415,"column":56}},"174":{"start":{"line":430,"column":14},"end":{"line":430,"column":28}},"175":{"start":{"line":431,"column":14},"end":{"line":431,"column":64}},"176":{"start":{"line":431,"column":31},"end":{"line":431,"column":57}},"177":{"start":{"line":441,"column":2},"end":{"line":637,"column":4}},"178":{"start":{"line":449,"column":43},"end":{"line":449,"column":56}},"179":{"start":{"line":472,"column":33},"end":{"line":472,"column":51}},"180":{"start":{"line":525,"column":14},"end":{"line":541,"column":33}},"181":{"start":{"line":531,"column":31},"end":{"line":531,"column":59}},"182":{"start":{"line":553,"column":29},"end":{"line":553,"column":55}},"183":{"start":{"line":574,"column":29},"end":{"line":574,"column":54}},"184":{"start":{"line":640,"column":15},"end":{"line":847,"column":2}}},"fnMap":{"0":{"name":"(anonymous_0)","decl":{"start":{"line":25,"column":26},"end":{"line":25,"column":27}},"loc":{"start":{"line":25,"column":55},"end":{"line":29,"column":1}},"line":25},"1":{"name":"AddRxScreen","decl":{"start":{"line":31,"column":24},"end":{"line":31,"column":35}},"loc":{"start":{"line":31,"column":38},"end":{"line":638,"column":1}},"line":31},"2":{"name":"(anonymous_2)","decl":{"start":{"line":46,"column":12},"end":{"line":46,"column":13}},"loc":{"start":{"line":46,"column":18},"end":{"line":49,"column":3}},"line":46},"3":{"name":"(anonymous_3)","decl":{"start":{"line":52,"column":12},"end":{"line":52,"column":13}},"loc":{"start":{"line":52,"column":18},"end":{"line":59,"column":3}},"line":52},"4":{"name":"(anonymous_4)","decl":{"start":{"line":62,"column":12},"end":{"line":62,"column":13}},"loc":{"start":{"line":62,"column":18},"end":{"line":82,"column":3}},"line":62},"5":{"name":"(anonymous_5)","decl":{"start":{"line":64,"column":76},"end":{"line":64,"column":77}},"loc":{"start":{"line":64,"column":82},"end":{"line":78,"column":7}},"line":64},"6":{"name":"(anonymous_6)","decl":{"start":{"line":72,"column":64},"end":{"line":72,"column":65}},"loc":{"start":{"line":72,"column":70},"end":{"line":72,"column":83}},"line":72},"7":{"name":"(anonymous_7)","decl":{"start":{"line":80,"column":13},"end":{"line":80,"column":14}},"loc":{"start":{"line":80,"column":19},"end":{"line":80,"column":39}},"line":80},"8":{"name":"(anonymous_8)","decl":{"start":{"line":84,"column":29},"end":{"line":84,"column":30}},"loc":{"start":{"line":84,"column":41},"end":{"line":113,"column":3}},"line":84},"9":{"name":"(anonymous_9)","decl":{"start":{"line":115,"column":29},"end":{"line":115,"column":30}},"loc":{"start":{"line":115,"column":41},"end":{"line":127,"column":3}},"line":115},"10":{"name":"(anonymous_10)","decl":{"start":{"line":129,"column":34},"end":{"line":129,"column":35}},"loc":{"start":{"line":129,"column":64},"end":{"line":186,"column":3}},"line":129},"11":{"name":"(anonymous_11)","decl":{"start":{"line":142,"column":23},"end":{"line":142,"column":24}},"loc":{"start":{"line":142,"column":29},"end":{"line":148,"column":15}},"line":142},"12":{"name":"(anonymous_12)","decl":{"start":{"line":157,"column":27},"end":{"line":157,"column":28}},"loc":{"start":{"line":157,"column":40},"end":{"line":176,"column":9}},"line":157},"13":{"name":"(anonymous_13)","decl":{"start":{"line":165,"column":25},"end":{"line":165,"column":26}},"loc":{"start":{"line":165,"column":31},"end":{"line":165,"column":45}},"line":165},"14":{"name":"(anonymous_14)","decl":{"start":{"line":169,"column":25},"end":{"line":169,"column":26}},"loc":{"start":{"line":169,"column":37},"end":{"line":172,"column":17}},"line":169},"15":{"name":"(anonymous_15)","decl":{"start":{"line":188,"column":20},"end":{"line":188,"column":21}},"loc":{"start":{"line":188,"column":32},"end":{"line":242,"column":3}},"line":188},"16":{"name":"(anonymous_16)","decl":{"start":{"line":244,"column":40},"end":{"line":244,"column":41}},"loc":{"start":{"line":244,"column":70},"end":{"line":301,"column":3}},"line":244},"17":{"name":"(anonymous_17)","decl":{"start":{"line":257,"column":23},"end":{"line":257,"column":24}},"loc":{"start":{"line":257,"column":29},"end":{"line":263,"column":15}},"line":257},"18":{"name":"(anonymous_18)","decl":{"start":{"line":272,"column":27},"end":{"line":272,"column":28}},"loc":{"start":{"line":272,"column":40},"end":{"line":291,"column":9}},"line":272},"19":{"name":"(anonymous_19)","decl":{"start":{"line":280,"column":25},"end":{"line":280,"column":26}},"loc":{"start":{"line":280,"column":31},"end":{"line":280,"column":45}},"line":280},"20":{"name":"(anonymous_20)","decl":{"start":{"line":284,"column":25},"end":{"line":284,"column":26}},"loc":{"start":{"line":284,"column":37},"end":{"line":287,"column":17}},"line":284},"21":{"name":"(anonymous_21)","decl":{"start":{"line":303,"column":20},"end":{"line":303,"column":21}},"loc":{"start":{"line":303,"column":32},"end":{"line":355,"column":3}},"line":303},"22":{"name":"(anonymous_22)","decl":{"start":{"line":357,"column":21},"end":{"line":357,"column":22}},"loc":{"start":{"line":357,"column":33},"end":{"line":399,"column":3}},"line":357},"23":{"name":"(anonymous_23)","decl":{"start":{"line":415,"column":37},"end":{"line":415,"column":38}},"loc":{"start":{"line":415,"column":43},"end":{"line":415,"column":56}},"line":415},"24":{"name":"(anonymous_24)","decl":{"start":{"line":429,"column":21},"end":{"line":429,"column":22}},"loc":{"start":{"line":429,"column":27},"end":{"line":432,"column":13}},"line":429},"25":{"name":"(anonymous_25)","decl":{"start":{"line":431,"column":25},"end":{"line":431,"column":26}},"loc":{"start":{"line":431,"column":31},"end":{"line":431,"column":57}},"line":431},"26":{"name":"(anonymous_26)","decl":{"start":{"line":449,"column":37},"end":{"line":449,"column":38}},"loc":{"start":{"line":449,"column":43},"end":{"line":449,"column":56}},"line":449},"27":{"name":"(anonymous_27)","decl":{"start":{"line":472,"column":27},"end":{"line":472,"column":28}},"loc":{"start":{"line":472,"column":33},"end":{"line":472,"column":51}},"line":472},"28":{"name":"(anonymous_28)","decl":{"start":{"line":524,"column":31},"end":{"line":524,"column":32}},"loc":{"start":{"line":525,"column":14},"end":{"line":541,"column":33}},"line":525},"29":{"name":"(anonymous_29)","decl":{"start":{"line":531,"column":25},"end":{"line":531,"column":26}},"loc":{"start":{"line":531,"column":31},"end":{"line":531,"column":59}},"line":531},"30":{"name":"(anonymous_30)","decl":{"start":{"line":553,"column":23},"end":{"line":553,"column":24}},"loc":{"start":{"line":553,"column":29},"end":{"line":553,"column":55}},"line":553},"31":{"name":"(anonymous_31)","decl":{"start":{"line":574,"column":23},"end":{"line":574,"column":24}},"loc":{"start":{"line":574,"column":29},"end":{"line":574,"column":54}},"line":574}},"branchMap":{"0":{"loc":{"start":{"line":53,"column":4},"end":{"line":55,"column":5}},"type":"if","locations":[{"start":{"line":53,"column":4},"end":{"line":55,"column":5}},{"start":{},"end":{}}],"line":53},"1":{"loc":{"start":{"line":56,"column":4},"end":{"line":58,"column":5}},"type":"if","locations":[{"start":{"line":56,"column":4},"end":{"line":58,"column":5}},{"start":{},"end":{}}],"line":56},"2":{"loc":{"start":{"line":56,"column":8},"end":{"line":56,"column":53}},"type":"binary-expr","locations":[{"start":{"line":56,"column":8},"end":{"line":56,"column":29}},{"start":{"line":56,"column":33},"end":{"line":56,"column":53}}],"line":56},"3":{"loc":{"start":{"line":63,"column":4},"end":{"line":81,"column":5}},"type":"if","locations":[{"start":{"line":63,"column":4},"end":{"line":81,"column":5}},{"start":{},"end":{}}],"line":63},"4":{"loc":{"start":{"line":65,"column":8},"end":{"line":76,"column":9}},"type":"if","locations":[{"start":{"line":65,"column":8},"end":{"line":76,"column":9}},{"start":{},"end":{}}],"line":65},"5":{"loc":{"start":{"line":65,"column":12},"end":{"line":65,"column":39}},"type":"binary-expr","locations":[{"start":{"line":65,"column":12},"end":{"line":65,"column":23}},{"start":{"line":65,"column":27},"end":{"line":65,"column":39}}],"line":65},"6":{"loc":{"start":{"line":85,"column":4},"end":{"line":111,"column":5}},"type":"if","locations":[{"start":{"line":85,"column":4},"end":{"line":111,"column":5}},{"start":{},"end":{}}],"line":85},"7":{"loc":{"start":{"line":88,"column":6},"end":{"line":97,"column":7}},"type":"if","locations":[{"start":{"line":88,"column":6},"end":{"line":97,"column":7}},{"start":{},"end":{}}],"line":88},"8":{"loc":{"start":{"line":90,"column":8},"end":{"line":96,"column":9}},"type":"if","locations":[{"start":{"line":90,"column":8},"end":{"line":96,"column":9}},{"start":{},"end":{}}],"line":90},"9":{"loc":{"start":{"line":101,"column":6},"end":{"line":110,"column":7}},"type":"if","locations":[{"start":{"line":101,"column":6},"end":{"line":110,"column":7}},{"start":{},"end":{}}],"line":101},"10":{"loc":{"start":{"line":103,"column":8},"end":{"line":109,"column":9}},"type":"if","locations":[{"start":{"line":103,"column":8},"end":{"line":109,"column":9}},{"start":{},"end":{}}],"line":103},"11":{"loc":{"start":{"line":119,"column":6},"end":{"line":121,"column":7}},"type":"if","locations":[{"start":{"line":119,"column":6},"end":{"line":121,"column":7}},{"start":{},"end":{}}],"line":119},"12":{"loc":{"start":{"line":134,"column":6},"end":{"line":153,"column":7}},"type":"if","locations":[{"start":{"line":134,"column":6},"end":{"line":153,"column":7}},{"start":{},"end":{}}],"line":134},"13":{"loc":{"start":{"line":143,"column":16},"end":{"line":147,"column":17}},"type":"if","locations":[{"start":{"line":143,"column":16},"end":{"line":147,"column":17}},{"start":{"line":145,"column":23},"end":{"line":147,"column":17}}],"line":143},"14":{"loc":{"start":{"line":155,"column":6},"end":{"line":180,"column":7}},"type":"if","locations":[{"start":{"line":155,"column":6},"end":{"line":180,"column":7}},{"start":{"line":177,"column":13},"end":{"line":180,"column":7}}],"line":155},"15":{"loc":{"start":{"line":155,"column":10},"end":{"line":155,"column":61}},"type":"binary-expr","locations":[{"start":{"line":155,"column":10},"end":{"line":155,"column":35}},{"start":{"line":155,"column":39},"end":{"line":155,"column":61}}],"line":155},"16":{"loc":{"start":{"line":190,"column":4},"end":{"line":190,"column":31}},"type":"if","locations":[{"start":{"line":190,"column":4},"end":{"line":190,"column":31}},{"start":{},"end":{}}],"line":190},"17":{"loc":{"start":{"line":196,"column":6},"end":{"line":198,"column":7}},"type":"if","locations":[{"start":{"line":196,"column":6},"end":{"line":198,"column":7}},{"start":{},"end":{}}],"line":196},"18":{"loc":{"start":{"line":209,"column":6},"end":{"line":221,"column":7}},"type":"if","locations":[{"start":{"line":209,"column":6},"end":{"line":221,"column":7}},{"start":{},"end":{}}],"line":209},"19":{"loc":{"start":{"line":209,"column":10},"end":{"line":209,"column":53}},"type":"binary-expr","locations":[{"start":{"line":209,"column":10},"end":{"line":209,"column":26}},{"start":{"line":209,"column":30},"end":{"line":209,"column":53}}],"line":209},"20":{"loc":{"start":{"line":212,"column":8},"end":{"line":218,"column":9}},"type":"if","locations":[{"start":{"line":212,"column":8},"end":{"line":218,"column":9}},{"start":{},"end":{}}],"line":212},"21":{"loc":{"start":{"line":227,"column":6},"end":{"line":236,"column":7}},"type":"if","locations":[{"start":{"line":227,"column":6},"end":{"line":236,"column":7}},{"start":{},"end":{}}],"line":227},"22":{"loc":{"start":{"line":228,"column":8},"end":{"line":235,"column":9}},"type":"if","locations":[{"start":{"line":228,"column":8},"end":{"line":235,"column":9}},{"start":{"line":230,"column":15},"end":{"line":235,"column":9}}],"line":228},"23":{"loc":{"start":{"line":228,"column":12},"end":{"line":228,"column":97}},"type":"binary-expr","locations":[{"start":{"line":228,"column":12},"end":{"line":228,"column":58}},{"start":{"line":228,"column":62},"end":{"line":228,"column":97}}],"line":228},"24":{"loc":{"start":{"line":230,"column":15},"end":{"line":235,"column":9}},"type":"if","locations":[{"start":{"line":230,"column":15},"end":{"line":235,"column":9}},{"start":{"line":233,"column":15},"end":{"line":235,"column":9}}],"line":230},"25":{"loc":{"start":{"line":233,"column":15},"end":{"line":235,"column":9}},"type":"if","locations":[{"start":{"line":233,"column":15},"end":{"line":235,"column":9}},{"start":{},"end":{}}],"line":233},"26":{"loc":{"start":{"line":233,"column":19},"end":{"line":233,"column":87}},"type":"binary-expr","locations":[{"start":{"line":233,"column":19},"end":{"line":233,"column":51}},{"start":{"line":233,"column":55},"end":{"line":233,"column":87}}],"line":233},"27":{"loc":{"start":{"line":249,"column":6},"end":{"line":268,"column":7}},"type":"if","locations":[{"start":{"line":249,"column":6},"end":{"line":268,"column":7}},{"start":{},"end":{}}],"line":249},"28":{"loc":{"start":{"line":258,"column":16},"end":{"line":262,"column":17}},"type":"if","locations":[{"start":{"line":258,"column":16},"end":{"line":262,"column":17}},{"start":{"line":260,"column":23},"end":{"line":262,"column":17}}],"line":258},"29":{"loc":{"start":{"line":270,"column":6},"end":{"line":295,"column":7}},"type":"if","locations":[{"start":{"line":270,"column":6},"end":{"line":295,"column":7}},{"start":{"line":292,"column":13},"end":{"line":295,"column":7}}],"line":270},"30":{"loc":{"start":{"line":270,"column":10},"end":{"line":270,"column":61}},"type":"binary-expr","locations":[{"start":{"line":270,"column":10},"end":{"line":270,"column":35}},{"start":{"line":270,"column":39},"end":{"line":270,"column":61}}],"line":270},"31":{"loc":{"start":{"line":305,"column":4},"end":{"line":305,"column":31}},"type":"if","locations":[{"start":{"line":305,"column":4},"end":{"line":305,"column":31}},{"start":{},"end":{}}],"line":305},"32":{"loc":{"start":{"line":311,"column":6},"end":{"line":313,"column":7}},"type":"if","locations":[{"start":{"line":311,"column":6},"end":{"line":313,"column":7}},{"start":{},"end":{}}],"line":311},"33":{"loc":{"start":{"line":324,"column":6},"end":{"line":336,"column":7}},"type":"if","locations":[{"start":{"line":324,"column":6},"end":{"line":336,"column":7}},{"start":{},"end":{}}],"line":324},"34":{"loc":{"start":{"line":324,"column":10},"end":{"line":324,"column":53}},"type":"binary-expr","locations":[{"start":{"line":324,"column":10},"end":{"line":324,"column":26}},{"start":{"line":324,"column":30},"end":{"line":324,"column":53}}],"line":324},"35":{"loc":{"start":{"line":327,"column":8},"end":{"line":333,"column":9}},"type":"if","locations":[{"start":{"line":327,"column":8},"end":{"line":333,"column":9}},{"start":{},"end":{}}],"line":327},"36":{"loc":{"start":{"line":342,"column":6},"end":{"line":349,"column":7}},"type":"if","locations":[{"start":{"line":342,"column":6},"end":{"line":349,"column":7}},{"start":{},"end":{}}],"line":342},"37":{"loc":{"start":{"line":343,"column":8},"end":{"line":348,"column":9}},"type":"if","locations":[{"start":{"line":343,"column":8},"end":{"line":348,"column":9}},{"start":{"line":346,"column":15},"end":{"line":348,"column":9}}],"line":343},"38":{"loc":{"start":{"line":346,"column":15},"end":{"line":348,"column":9}},"type":"if","locations":[{"start":{"line":346,"column":15},"end":{"line":348,"column":9}},{"start":{},"end":{}}],"line":346},"39":{"loc":{"start":{"line":346,"column":19},"end":{"line":346,"column":87}},"type":"binary-expr","locations":[{"start":{"line":346,"column":19},"end":{"line":346,"column":51}},{"start":{"line":346,"column":55},"end":{"line":346,"column":87}}],"line":346},"40":{"loc":{"start":{"line":359,"column":4},"end":{"line":359,"column":23}},"type":"if","locations":[{"start":{"line":359,"column":4},"end":{"line":359,"column":23}},{"start":{},"end":{}}],"line":359},"41":{"loc":{"start":{"line":361,"column":4},"end":{"line":364,"column":5}},"type":"if","locations":[{"start":{"line":361,"column":4},"end":{"line":364,"column":5}},{"start":{},"end":{}}],"line":361},"42":{"loc":{"start":{"line":365,"column":4},"end":{"line":368,"column":5}},"type":"if","locations":[{"start":{"line":365,"column":4},"end":{"line":368,"column":5}},{"start":{},"end":{}}],"line":365},"43":{"loc":{"start":{"line":385,"column":6},"end":{"line":393,"column":7}},"type":"if","locations":[{"start":{"line":385,"column":6},"end":{"line":393,"column":7}},{"start":{},"end":{}}],"line":385},"44":{"loc":{"start":{"line":386,"column":8},"end":{"line":392,"column":9}},"type":"if","locations":[{"start":{"line":386,"column":8},"end":{"line":392,"column":9}},{"start":{"line":388,"column":15},"end":{"line":392,"column":9}}],"line":386},"45":{"loc":{"start":{"line":386,"column":12},"end":{"line":386,"column":80}},"type":"binary-expr","locations":[{"start":{"line":386,"column":12},"end":{"line":386,"column":43}},{"start":{"line":386,"column":47},"end":{"line":386,"column":80}}],"line":386},"46":{"loc":{"start":{"line":388,"column":15},"end":{"line":392,"column":9}},"type":"if","locations":[{"start":{"line":388,"column":15},"end":{"line":392,"column":9}},{"start":{"line":390,"column":15},"end":{"line":392,"column":9}}],"line":388},"47":{"loc":{"start":{"line":388,"column":19},"end":{"line":388,"column":88}},"type":"binary-expr","locations":[{"start":{"line":388,"column":19},"end":{"line":388,"column":50}},{"start":{"line":388,"column":54},"end":{"line":388,"column":88}}],"line":388},"48":{"loc":{"start":{"line":401,"column":2},"end":{"line":409,"column":3}},"type":"if","locations":[{"start":{"line":401,"column":2},"end":{"line":409,"column":3}},{"start":{},"end":{}}],"line":401},"49":{"loc":{"start":{"line":411,"column":2},"end":{"line":439,"column":3}},"type":"if","locations":[{"start":{"line":411,"column":2},"end":{"line":439,"column":3}},{"start":{},"end":{}}],"line":411},"50":{"loc":{"start":{"line":444,"column":18},"end":{"line":444,"column":62}},"type":"cond-expr","locations":[{"start":{"line":444,"column":42},"end":{"line":444,"column":51}},{"start":{"line":444,"column":54},"end":{"line":444,"column":62}}],"line":444},"51":{"loc":{"start":{"line":463,"column":13},"end":{"line":514,"column":13}},"type":"cond-expr","locations":[{"start":{"line":464,"column":14},"end":{"line":476,"column":21}},{"start":{"line":478,"column":14},"end":{"line":513,"column":21}}],"line":463},"52":{"loc":{"start":{"line":482,"column":20},"end":{"line":482,"column":66}},"type":"binary-expr","locations":[{"start":{"line":482,"column":20},"end":{"line":482,"column":34}},{"start":{"line":482,"column":38},"end":{"line":482,"column":66}}],"line":482},"53":{"loc":{"start":{"line":487,"column":19},"end":{"line":494,"column":19}},"type":"cond-expr","locations":[{"start":{"line":488,"column":20},"end":{"line":488,"column":57}},{"start":{"line":490,"column":20},"end":{"line":493,"column":23}}],"line":487},"54":{"loc":{"start":{"line":499,"column":20},"end":{"line":499,"column":66}},"type":"binary-expr","locations":[{"start":{"line":499,"column":20},"end":{"line":499,"column":34}},{"start":{"line":499,"column":38},"end":{"line":499,"column":66}}],"line":499},"55":{"loc":{"start":{"line":504,"column":19},"end":{"line":511,"column":19}},"type":"cond-expr","locations":[{"start":{"line":505,"column":20},"end":{"line":505,"column":57}},{"start":{"line":507,"column":20},"end":{"line":510,"column":23}}],"line":504},"56":{"loc":{"start":{"line":529,"column":18},"end":{"line":529,"column":75}},"type":"binary-expr","locations":[{"start":{"line":529,"column":18},"end":{"line":529,"column":46}},{"start":{"line":529,"column":50},"end":{"line":529,"column":75}}],"line":529},"57":{"loc":{"start":{"line":536,"column":20},"end":{"line":536,"column":75}},"type":"binary-expr","locations":[{"start":{"line":536,"column":20},"end":{"line":536,"column":48}},{"start":{"line":536,"column":52},"end":{"line":536,"column":75}}],"line":536},"58":{"loc":{"start":{"line":551,"column":16},"end":{"line":551,"column":69}},"type":"binary-expr","locations":[{"start":{"line":551,"column":16},"end":{"line":551,"column":42}},{"start":{"line":551,"column":46},"end":{"line":551,"column":69}}],"line":551},"59":{"loc":{"start":{"line":558,"column":23},"end":{"line":558,"column":70}},"type":"cond-expr","locations":[{"start":{"line":558,"column":52},"end":{"line":558,"column":58}},{"start":{"line":558,"column":61},"end":{"line":558,"column":70}}],"line":558},"60":{"loc":{"start":{"line":563,"column":18},"end":{"line":563,"column":69}},"type":"binary-expr","locations":[{"start":{"line":563,"column":18},"end":{"line":563,"column":44}},{"start":{"line":563,"column":48},"end":{"line":563,"column":69}}],"line":563},"61":{"loc":{"start":{"line":572,"column":16},"end":{"line":572,"column":68}},"type":"binary-expr","locations":[{"start":{"line":572,"column":16},"end":{"line":572,"column":41}},{"start":{"line":572,"column":45},"end":{"line":572,"column":68}}],"line":572},"62":{"loc":{"start":{"line":579,"column":23},"end":{"line":579,"column":69}},"type":"cond-expr","locations":[{"start":{"line":579,"column":51},"end":{"line":579,"column":57}},{"start":{"line":579,"column":60},"end":{"line":579,"column":69}}],"line":579},"63":{"loc":{"start":{"line":584,"column":18},"end":{"line":584,"column":68}},"type":"binary-expr","locations":[{"start":{"line":584,"column":18},"end":{"line":584,"column":43}},{"start":{"line":584,"column":47},"end":{"line":584,"column":68}}],"line":584},"64":{"loc":{"start":{"line":620,"column":14},"end":{"line":620,"column":76}},"type":"binary-expr","locations":[{"start":{"line":620,"column":15},"end":{"line":620,"column":27}},{"start":{"line":620,"column":31},"end":{"line":620,"column":46}},{"start":{"line":620,"column":51},"end":{"line":620,"column":76}}],"line":620},"65":{"loc":{"start":{"line":623,"column":22},"end":{"line":623,"column":63}},"type":"binary-expr","locations":[{"start":{"line":623,"column":22},"end":{"line":623,"column":28}},{"start":{"line":623,"column":32},"end":{"line":623,"column":44}},{"start":{"line":623,"column":48},"end":{"line":623,"column":63}}],"line":623},"66":{"loc":{"start":{"line":625,"column":13},"end":{"line":632,"column":13}},"type":"cond-expr","locations":[{"start":{"line":626,"column":14},"end":{"line":626,"column":48}},{"start":{"line":628,"column":14},"end":{"line":631,"column":17}}],"line":625},"67":{"loc":{"start":{"line":797,"column":19},"end":{"line":797,"column":50}},"type":"cond-expr","locations":[{"start":{"line":797,"column":43},"end":{"line":797,"column":45}},{"start":{"line":797,"column":48},"end":{"line":797,"column":50}}],"line":797}},"s":{"0":0,"1":0,"2":0,"3":0,"4":0,"5":0,"6":0,"7":0,"8":0,"9":0,"10":0,"11":0,"12":0,"13":0,"14":0,"15":0,"16":0,"17":0,"18":0,"19":0,"20":0,"21":0,"22":0,"23":0,"24":0,"25":0,"26":0,"27":0,"28":0,"29":0,"30":0,"31":0,"32":0,"33":0,"34":0,"35":0,"36":0,"37":0,"38":0,"39":0,"40":0,"41":0,"42":0,"43":0,"44":0,"45":0,"46":0,"47":0,"48":0,"49":0,"50":0,"51":0,"52":0,"53":0,"54":0,"55":0,"56":0,"57":0,"58":0,"59":0,"60":0,"61":0,"62":0,"63":0,"64":0,"65":0,"66":0,"67":0,"68":0,"69":0,"70":0,"71":0,"72":0,"73":0,"74":0,"75":0,"76":0,"77":0,"78":0,"79":0,"80":0,"81":0,"82":0,"83":0,"84":0,"85":0,"86":0,"87":0,"88":0,"89":0,"90":0,"91":0,"92":0,"93":0,"94":0,"95":0,"96":0,"97":0,"98":0,"99":0,"100":0,"101":0,"102":0,"103":0,"104":0,"105":0,"106":0,"107":0,"108":0,"109":0,"110":0,"111":0,"112":0,"113":0,"114":0,"115":0,"116":0,"117":0,"118":0,"119":0,"120":0,"121":0,"122":0,"123":0,"124":0,"125":0,"126":0,"127":0,"128":0,"129":0,"130":0,"131":0,"132":0,"133":0,"134":0,"135":0,"136":0,"137":0,"138":0,"139":0,"140":0,"141":0,"142":0,"143":0,"144":0,"145":0,"146":0,"147":0,"148":0,"149":0,"150":0,"151":0,"152":0,"153":0,"154":0,"155":0,"156":0,"157":0,"158":0,"159":0,"160":0,"161":0,"162":0,"163":0,"164":0,"165":0,"166":0,"167":0,"168":0,"169":0,"170":0,"171":0,"172":0,"173":0,"174":0,"175":0,"176":0,"177":0,"178":0,"179":0,"180":0,"181":0,"182":0,"183":0,"184":0},"f":{"0":0,"1":0,"2":0,"3":0,"4":0,"5":0,"6":0,"7":0,"8":0,"9":0,"10":0,"11":0,"12":0,"13":0,"14":0,"15":0,"16":0,"17":0,"18":0,"19":0,"20":0,"21":0,"22":0,"23":0,"24":0,"25":0,"26":0,"27":0,"28":0,"29":0,"30":0,"31":0},"b":{"0":[0,0],"1":[0,0],"2":[0,0],"3":[0,0],"4":[0,0],"5":[0,0],"6":[0,0],"7":[0,0],"8":[0,0],"9":[0,0],"10":[0,0],"11":[0,0],"12":[0,0],"13":[0,0],"14":[0,0],"15":[0,0],"16":[0,0],"17":[0,0],"18":[0,0],"19":[0,0],"20":[0,0],"21":[0,0],"22":[0,0],"23":[0,0],"24":[0,0],"25":[0,0],"26":[0,0],"27":[0,0],"28":[0,0],"29":[0,0],"30":[0,0],"31":[0,0],"32":[0,0],"33":[0,0],"34":[0,0],"35":[0,0],"36":[0,0],"37":[0,0],"38":[0,0],"39":[0,0],"40":[0,0],"41":[0,0],"42":[0,0],"43":[0,0],"44":[0,0],"45":[0,0],"46":[0,0],"47":[0,0],"48":[0,0],"49":[0,0],"50":[0,0],"51":[0,0],"52":[0,0],"53":[0,0],"54":[0,0],"55":[0,0],"56":[0,0],"57":[0,0],"58":[0,0],"59":[0,0],"60":[0,0],"61":[0,0],"62":[0,0],"63":[0,0],"64":[0,0,0],"65":[0,0,0],"66":[0,0],"67":[0,0]}}
,"/home/runner/work/Optical-Rx-Now/Optical-Rx-Now/frontend/app/admin.tsx": {"path":"/home/runner/work/Optical-Rx-Now/Optical-Rx-Now/frontend/app/admin.tsx","statementMap":{"0":{"start":{"line":33,"column":17},"end":{"line":33,"column":28}},"1":{"start":{"line":34,"column":32},"end":{"line":34,"column":46}},"2":{"start":{"line":35,"column":38},"end":{"line":35,"column":53}},"3":{"start":{"line":36,"column":26},"end":{"line":36,"column":62}},"4":{"start":{"line":38,"column":2},"end":{"line":40,"column":9}},"5":{"start":{"line":39,"column":4},"end":{"line":39,"column":21}},"6":{"start":{"line":42,"column":25},"end":{"line":71,"column":3}},"7":{"start":{"line":43,"column":4},"end":{"line":70,"column":5}},"8":{"start":{"line":45,"column":22},"end":{"line":45,"column":46}},"9":{"start":{"line":46,"column":28},"end":{"line":46,"column":52}},"10":{"start":{"line":47,"column":25},"end":{"line":47,"column":46}},"11":{"start":{"line":49,"column":43},"end":{"line":62,"column":7}},"12":{"start":{"line":57,"column":46},"end":{"line":57,"column":70}},"13":{"start":{"line":58,"column":45},"end":{"line":58,"column":68}},"14":{"start":{"line":64,"column":6},"end":{"line":64,"column":29}},"15":{"start":{"line":66,"column":6},"end":{"line":66,"column":55}},"16":{"start":{"line":68,"column":6},"end":{"line":68,"column":24}},"17":{"start":{"line":69,"column":6},"end":{"line":69,"column":27}},"18":{"start":{"line":73,"column":19},"end":{"line":81,"column":3}},"19":{"start":{"line":74,"column":4},"end":{"line":80,"column":11}},"20":{"start":{"line":83,"column":2},"end":{"line":92,"column":3}},"21":{"start":{"line":84,"column":4},"end":{"line":91,"column":6}},"22":{"start":{"line":94,"column":2},"end":{"line":216,"column":4}},"23":{"start":{"line":98,"column":41},"end":{"line":98,"column":54}},"24":{"start":{"line":102,"column":43},"end":{"line":102,"column":63}},"25":{"start":{"line":102,"column":64},"end":{"line":102,"column":81}},"26":{"start":{"line":113,"column":31},"end":{"line":113,"column":51}},"27":{"start":{"line":113,"column":52},"end":{"line":113,"column":69}},"28":{"start":{"line":133,"column":25},"end":{"line":133,"column":58}},"29":{"start":{"line":198,"column":12},"end":{"line":203,"column":19}},"30":{"start":{"line":200,"column":63},"end":{"line":200,"column":78}},"31":{"start":{"line":219,"column":15},"end":{"line":510,"column":2}}},"fnMap":{"0":{"name":"AdminDashboard","decl":{"start":{"line":32,"column":24},"end":{"line":32,"column":38}},"loc":{"start":{"line":32,"column":41},"end":{"line":217,"column":1}},"line":32},"1":{"name":"(anonymous_1)","decl":{"start":{"line":38,"column":12},"end":{"line":38,"column":13}},"loc":{"start":{"line":38,"column":18},"end":{"line":40,"column":3}},"line":38},"2":{"name":"(anonymous_2)","decl":{"start":{"line":42,"column":25},"end":{"line":42,"column":26}},"loc":{"start":{"line":42,"column":37},"end":{"line":71,"column":3}},"line":42},"3":{"name":"(anonymous_3)","decl":{"start":{"line":57,"column":41},"end":{"line":57,"column":42}},"loc":{"start":{"line":57,"column":46},"end":{"line":57,"column":70}},"line":57},"4":{"name":"(anonymous_4)","decl":{"start":{"line":58,"column":40},"end":{"line":58,"column":41}},"loc":{"start":{"line":58,"column":45},"end":{"line":58,"column":68}},"line":58},"5":{"name":"(anonymous_5)","decl":{"start":{"line":73,"column":19},"end":{"line":73,"column":20}},"loc":{"start":{"line":74,"column":4},"end":{"line":80,"column":11}},"line":74},"6":{"name":"(anonymous_6)","decl":{"start":{"line":98,"column":35},"end":{"line":98,"column":36}},"loc":{"start":{"line":98,"column":41},"end":{"line":98,"column":54}},"line":98},"7":{"name":"(anonymous_7)","decl":{"start":{"line":102,"column":35},"end":{"line":102,"column":36}},"loc":{"start":{"line":102,"column":41},"end":{"line":102,"column":83}},"line":102},"8":{"name":"(anonymous_8)","decl":{"start":{"line":113,"column":23},"end":{"line":113,"column":24}},"loc":{"start":{"line":113,"column":29},"end":{"line":113,"column":71}},"line":113},"9":{"name":"(anonymous_9)","decl":{"start":{"line":133,"column":19},"end":{"line":133,"column":20}},"loc":{"start":{"line":133,"column":25},"end":{"line":133,"column":58}},"line":133},"10":{"name":"(anonymous_10)","decl":{"start":{"line":197,"column":59},"end":{"line":197,"column":60}},"loc":{"start":{"line":198,"column":12},"end":{"line":203,"column":19}},"line":198},"11":{"name":"(anonymous_11)","decl":{"start":{"line":200,"column":58},"end":{"line":200,"column":59}},"loc":{"start":{"line":200,"column":63},"end":{"line":200,"column":78}},"line":200}},"branchMap":{"0":{"loc":{"start":{"line":73,"column":42},"end":{"line":73,"column":59}},"type":"default-arg","locations":[{"start":{"line":73,"column":50},"end":{"line":73,"column":59}}],"line":73},"1":{"loc":{"start":{"line":83,"column":2},"end":{"line":92,"column":3}},"type":"if","locations":[{"start":{"line":83,"column":2},"end":{"line":92,"column":3}},{"start":{},"end":{}}],"line":83},"2":{"loc":{"start":{"line":150,"column":19},"end":{"line":150,"column":58}},"type":"binary-expr","locations":[{"start":{"line":150,"column":19},"end":{"line":150,"column":53}},{"start":{"line":150,"column":57},"end":{"line":150,"column":58}}],"line":150},"3":{"loc":{"start":{"line":156,"column":19},"end":{"line":156,"column":57}},"type":"binary-expr","locations":[{"start":{"line":156,"column":19},"end":{"line":156,"column":52}},{"start":{"line":156,"column":56},"end":{"line":156,"column":57}}],"line":156},"4":{"loc":{"start":{"line":162,"column":19},"end":{"line":162,"column":50}},"type":"binary-expr","locations":[{"start":{"line":162,"column":19},"end":{"line":162,"column":45}},{"start":{"line":162,"column":49},"end":{"line":162,"column":50}}],"line":162},"5":{"loc":{"start":{"line":168,"column":19},"end":{"line":168,"column":51}},"type":"binary-expr","locations":[{"start":{"line":168,"column":19},"end":{"line":168,"column":46}},{"start":{"line":168,"column":50},"end":{"line":168,"column":51}}],"line":168},"6":{"loc":{"start":{"line":180,"column":17},"end":{"line":180,"column":58}},"type":"binary-expr","locations":[{"start":{"line":180,"column":17},"end":{"line":180,"column":53}},{"start":{"line":180,"column":57},"end":{"line":180,"column":58}}],"line":180},"7":{"loc":{"start":{"line":187,"column":17},"end":{"line":187,"column":57}},"type":"binary-expr","locations":[{"start":{"line":187,"column":17},"end":{"line":187,"column":52}},{"start":{"line":187,"column":56},"end":{"line":187,"column":57}}],"line":187},"8":{"loc":{"start":{"line":197,"column":26},"end":{"line":197,"column":53}},"type":"binary-expr","locations":[{"start":{"line":197,"column":26},"end":{"line":197,"column":47}},{"start":{"line":197,"column":51},"end":{"line":197,"column":53}}],"line":197},"9":{"loc":{"start":{"line":205,"column":11},"end":{"line":207,"column":11}},"type":"binary-expr","locations":[{"start":{"line":205,"column":11},"end":{"line":205,"column":64}},{"start":{"line":206,"column":12},"end":{"line":206,"column":79}}],"line":205},"10":{"loc":{"start":{"line":205,"column":23},"end":{"line":205,"column":50}},"type":"binary-expr","locations":[{"start":{"line":205,"column":23},"end":{"line":205,"column":44}},{"start":{"line":205,"column":48},"end":{"line":205,"column":50}}],"line":205},"11":{"loc":{"start":{"line":212,"column":25},"end":{"line":212,"column":98}},"type":"cond-expr","locations":[{"start":{"line":212,"column":46},"end":{"line":212,"column":90}},{"start":{"line":212,"column":93},"end":{"line":212,"column":98}}],"line":212}},"s":{"0":0,"1":0,"2":0,"3":0,"4":0,"5":0,"6":0,"7":0,"8":0,"9":0,"10":0,"11":0,"12":0,"13":0,"14":0,"15":0,"16":0,"17":0,"18":0,"19":0,"20":0,"21":0,"22":0,"23":0,"24":0,"25":0,"26":0,"27":0,"28":0,"29":0,"30":0,"31":0},"f":{"0":0,"1":0,"2":0,"3":0,"4":0,"5":0,"6":0,"7":0,"8":0,"9":0,"10":0,"11":0},"b":{"0":[0],"1":[0,0],"2":[0,0],"3":[0,0],"4":[0,0],"5":[0,0],"6":[0,0],"7":[0,0],"8":[0,0],"9":[0,0],"10":[0,0],"11":[0,0]}}
,"/home/runner/work/Optical-Rx-Now/Optical-Rx-Now/frontend/app/index.tsx": {"path":"/home/runner/work/Optical-Rx-Now/Optical-Rx-Now/frontend/app/index.tsx","statementMap":{"0":{"start":{"line":10,"column":17},"end":{"line":10,"column":28}},"1":{"start":{"line":11,"column":32},"end":{"line":11,"column":46}},"2":{"start":{"line":12,"column":28},"end":{"line":12,"column":83}},"3":{"start":{"line":14,"column":2},"end":{"line":26,"column":9}},"4":{"start":{"line":16,"column":22},"end":{"line":23,"column":5}},"5":{"start":{"line":17,"column":6},"end":{"line":22,"column":7}},"6":{"start":{"line":18,"column":33},"end":{"line":18,"column":70}},"7":{"start":{"line":19,"column":8},"end":{"line":19,"column":23}},"8":{"start":{"line":21,"column":8},"end":{"line":21,"column":47}},"9":{"start":{"line":24,"column":4},"end":{"line":24,"column":16}},"10":{"start":{"line":25,"column":4},"end":{"line":25,"column":17}},"11":{"start":{"line":28,"column":21},"end":{"line":37,"column":3}},"12":{"start":{"line":29,"column":4},"end":{"line":36,"column":5}},"13":{"start":{"line":30,"column":19},"end":{"line":30,"column":35}},"14":{"start":{"line":31,"column":6},"end":{"line":31,"column":21}},"15":{"start":{"line":33,"column":6},"end":{"line":33,"column":50}},"16":{"start":{"line":35,"column":6},"end":{"line":35,"column":24}},"17":{"start":{"line":39,"column":27},"end":{"line":41,"column":3}},"18":{"start":{"line":40,"column":4},"end":{"line":40,"column":27}},"19":{"start":{"line":43,"column":22},"end":{"line":57,"column":3}},"20":{"start":{"line":44,"column":4},"end":{"line":56,"column":5}},"21":{"start":{"line":45,"column":6},"end":{"line":48,"column":9}},"22":{"start":{"line":50,"column":6},"end":{"line":50,"column":45}},"23":{"start":{"line":51,"column":6},"end":{"line":55,"column":8}},"24":{"start":{"line":59,"column":28},"end":{"line":77,"column":3}},"25":{"start":{"line":61,"column":4},"end":{"line":66,"column":5}},"26":{"start":{"line":62,"column":6},"end":{"line":62,"column":68}},"27":{"start":{"line":64,"column":6},"end":{"line":64,"column":53}},"28":{"start":{"line":68,"column":4},"end":{"line":76,"column":6}},"29":{"start":{"line":73,"column":54},"end":{"line":73,"column":75}},"30":{"start":{"line":74,"column":52},"end":{"line":74,"column":85}},"31":{"start":{"line":79,"column":2},"end":{"line":143,"column":4}},"32":{"start":{"line":146,"column":15},"end":{"line":252,"column":2}}},"fnMap":{"0":{"name":"WelcomeScreen","decl":{"start":{"line":9,"column":24},"end":{"line":9,"column":37}},"loc":{"start":{"line":9,"column":40},"end":{"line":144,"column":1}},"line":9},"1":{"name":"(anonymous_1)","decl":{"start":{"line":14,"column":12},"end":{"line":14,"column":13}},"loc":{"start":{"line":14,"column":18},"end":{"line":26,"column":3}},"line":14},"2":{"name":"(anonymous_2)","decl":{"start":{"line":16,"column":22},"end":{"line":16,"column":23}},"loc":{"start":{"line":16,"column":34},"end":{"line":23,"column":5}},"line":16},"3":{"name":"(anonymous_3)","decl":{"start":{"line":28,"column":21},"end":{"line":28,"column":22}},"loc":{"start":{"line":28,"column":33},"end":{"line":37,"column":3}},"line":28},"4":{"name":"(anonymous_4)","decl":{"start":{"line":39,"column":27},"end":{"line":39,"column":28}},"loc":{"start":{"line":39,"column":33},"end":{"line":41,"column":3}},"line":39},"5":{"name":"(anonymous_5)","decl":{"start":{"line":43,"column":22},"end":{"line":43,"column":23}},"loc":{"start":{"line":43,"column":34},"end":{"line":57,"column":3}},"line":43},"6":{"name":"(anonymous_6)","decl":{"start":{"line":59,"column":28},"end":{"line":59,"column":29}},"loc":{"start":{"line":59,"column":40},"end":{"line":77,"column":3}},"line":59},"7":{"name":"(anonymous_7)","decl":{"start":{"line":73,"column":48},"end":{"line":73,"column":49}},"loc":{"start":{"line":73,"column":54},"end":{"line":73,"column":75}},"line":73},"8":{"name":"(anonymous_8)","decl":{"start":{"line":74,"column":46},"end":{"line":74,"column":47}},"loc":{"start":{"line":74,"column":52},"end":{"line":74,"column":85}},"line":74}},"branchMap":{"0":{"loc":{"start":{"line":112,"column":13},"end":{"line":121,"column":13}},"type":"cond-expr","locations":[{"start":{"line":113,"column":14},"end":{"line":113,"column":48}},{"start":{"line":115,"column":14},"end":{"line":120,"column":17}}],"line":112},"1":{"loc":{"start":{"line":117,"column":19},"end":{"line":117,"column":77}},"type":"cond-expr","locations":[{"start":{"line":117,"column":46},"end":{"line":117,"column":61}},{"start":{"line":117,"column":64},"end":{"line":117,"column":77}}],"line":117},"2":{"loc":{"start":{"line":125,"column":11},"end":{"line":139,"column":11}},"type":"binary-expr","locations":[{"start":{"line":125,"column":11},"end":{"line":125,"column":19}},{"start":{"line":125,"column":24},"end":{"line":125,"column":48}},{"start":{"line":125,"column":52},"end":{"line":125,"column":81}},{"start":{"line":126,"column":12},"end":{"line":138,"column":19}}],"line":125}},"s":{"0":0,"1":0,"2":0,"3":0,"4":0,"5":0,"6":0,"7":0,"8":0,"9":0,"10":0,"11":0,"12":0,"13":0,"14":0,"15":0,"16":0,"17":0,"18":0,"19":0,"20":0,"21":0,"22":0,"23":0,"24":0,"25":0,"26":0,"27":0,"28":0,"29":0,"30":0,"31":0,"32":0},"f":{"0":0,"1":0,"2":0,"3":0,"4":0,"5":0,"6":0,"7":0,"8":0},"b":{"0":[0,0],"1":[0,0],"2":[0,0,0,0]}}
,"/home/runner/work/Optical-Rx-Now/Optical-Rx-Now/frontend/app/manage-affiliates.tsx": {"path":"/home/runner/work/Optical-Rx-Now/Optical-Rx-Now/frontend/app/manage-affiliates.tsx","statementMap":{"0":{"start":{"line":20,"column":20},"end":{"line":20,"column":55}},"1":{"start":{"line":35,"column":47},"end":{"line":45,"column":1}},"2":{"start":{"line":48,"column":17},"end":{"line":48,"column":28}},"3":{"start":{"line":49,"column":32},"end":{"line":49,"column":46}},"4":{"start":{"line":50,"column":30},"end":{"line":50,"column":45}},"5":{"start":{"line":51,"column":38},"end":{"line":51,"column":63}},"6":{"start":{"line":52,"column":42},"end":{"line":52,"column":57}},"7":{"start":{"line":53,"column":50},"end":{"line":53,"column":82}},"8":{"start":{"line":54,"column":34},"end":{"line":54,"column":82}},"9":{"start":{"line":56,"column":2},"end":{"line":58,"column":9}},"10":{"start":{"line":57,"column":4},"end":{"line":57,"column":22}},"11":{"start":{"line":60,"column":26},"end":{"line":73,"column":3}},"12":{"start":{"line":61,"column":4},"end":{"line":72,"column":5}},"13":{"start":{"line":62,"column":23},"end":{"line":62,"column":71}},"14":{"start":{"line":63,"column":6},"end":{"line":66,"column":7}},"15":{"start":{"line":64,"column":21},"end":{"line":64,"column":42}},"16":{"start":{"line":65,"column":8},"end":{"line":65,"column":37}},"17":{"start":{"line":68,"column":6},"end":{"line":68,"column":57}},"18":{"start":{"line":69,"column":6},"end":{"line":69,"column":56}},"19":{"start":{"line":71,"column":6},"end":{"line":71,"column":24}},"20":{"start":{"line":75,"column":23},"end":{"line":79,"column":3}},"21":{"start":{"line":76,"column":4},"end":{"line":76,"column":30}},"22":{"start":{"line":77,"column":4},"end":{"line":77,"column":33}},"23":{"start":{"line":78,"column":4},"end":{"line":78,"column":26}},"24":{"start":{"line":81,"column":24},"end":{"line":95,"column":3}},"25":{"start":{"line":82,"column":4},"end":{"line":82,"column":35}},"26":{"start":{"line":83,"column":4},"end":{"line":93,"column":7}},"27":{"start":{"line":94,"column":4},"end":{"line":94,"column":26}},"28":{"start":{"line":97,"column":21},"end":{"line":129,"column":3}},"29":{"start":{"line":98,"column":4},"end":{"line":101,"column":5}},"30":{"start":{"line":99,"column":6},"end":{"line":99,"column":56}},"31":{"start":{"line":100,"column":6},"end":{"line":100,"column":13}},"32":{"start":{"line":103,"column":4},"end":{"line":103,"column":20}},"33":{"start":{"line":104,"column":4},"end":{"line":128,"column":5}},"34":{"start":{"line":105,"column":18},"end":{"line":107,"column":41}},"35":{"start":{"line":109,"column":21},"end":{"line":109,"column":54}},"36":{"start":{"line":111,"column":23},"end":{"line":115,"column":8}},"37":{"start":{"line":117,"column":6},"end":{"line":123,"column":7}},"38":{"start":{"line":118,"column":8},"end":{"line":118,"column":31}},"39":{"start":{"line":119,"column":8},"end":{"line":119,"column":26}},"40":{"start":{"line":120,"column":8},"end":{"line":120,"column":93}},"41":{"start":{"line":122,"column":8},"end":{"line":122,"column":57}},"42":{"start":{"line":125,"column":6},"end":{"line":125,"column":55}},"43":{"start":{"line":127,"column":6},"end":{"line":127,"column":23}},"44":{"start":{"line":131,"column":23},"end":{"line":158,"column":3}},"45":{"start":{"line":132,"column":4},"end":{"line":157,"column":6}},"46":{"start":{"line":141,"column":12},"end":{"line":153,"column":13}},"47":{"start":{"line":142,"column":31},"end":{"line":145,"column":15}},"48":{"start":{"line":146,"column":14},"end":{"line":150,"column":15}},"49":{"start":{"line":147,"column":16},"end":{"line":147,"column":34}},"50":{"start":{"line":149,"column":16},"end":{"line":149,"column":67}},"51":{"start":{"line":152,"column":14},"end":{"line":152,"column":65}},"52":{"start":{"line":160,"column":23},"end":{"line":179,"column":3}},"53":{"start":{"line":161,"column":4},"end":{"line":178,"column":5}},"54":{"start":{"line":162,"column":23},"end":{"line":172,"column":7}},"55":{"start":{"line":173,"column":6},"end":{"line":175,"column":7}},"56":{"start":{"line":174,"column":8},"end":{"line":174,"column":26}},"57":{"start":{"line":177,"column":6},"end":{"line":177,"column":57}},"58":{"start":{"line":181,"column":2},"end":{"line":189,"column":3}},"59":{"start":{"line":182,"column":4},"end":{"line":188,"column":6}},"60":{"start":{"line":191,"column":2},"end":{"line":420,"column":4}},"61":{"start":{"line":195,"column":41},"end":{"line":195,"column":54}},"62":{"start":{"line":215,"column":10},"end":{"line":270,"column":17}},"63":{"start":{"line":238,"column":37},"end":{"line":238,"column":60}},"64":{"start":{"line":257,"column":31},"end":{"line":257,"column":55}},"65":{"start":{"line":264,"column":31},"end":{"line":264,"column":54}},"66":{"start":{"line":279,"column":30},"end":{"line":279,"column":52}},"67":{"start":{"line":288,"column":47},"end":{"line":288,"column":69}},"68":{"start":{"line":309,"column":40},"end":{"line":309,"column":80}},"69":{"start":{"line":319,"column":40},"end":{"line":319,"column":79}},"70":{"start":{"line":331,"column":40},"end":{"line":331,"column":87}},"71":{"start":{"line":340,"column":18},"end":{"line":356,"column":37}},"72":{"start":{"line":346,"column":35},"end":{"line":346,"column":78}},"73":{"start":{"line":365,"column":40},"end":{"line":365,"column":84}},"74":{"start":{"line":375,"column":40},"end":{"line":375,"column":86}},"75":{"start":{"line":386,"column":18},"end":{"line":386,"column":76}},"76":{"start":{"line":399,"column":20},"end":{"line":399,"column":68}},"77":{"start":{"line":410,"column":20},"end":{"line":410,"column":66}},"78":{"start":{"line":423,"column":15},"end":{"line":644,"column":2}}},"fnMap":{"0":{"name":"ManageAffiliatesScreen","decl":{"start":{"line":47,"column":24},"end":{"line":47,"column":46}},"loc":{"start":{"line":47,"column":49},"end":{"line":421,"column":1}},"line":47},"1":{"name":"(anonymous_1)","decl":{"start":{"line":56,"column":12},"end":{"line":56,"column":13}},"loc":{"start":{"line":56,"column":18},"end":{"line":58,"column":3}},"line":56},"2":{"name":"(anonymous_2)","decl":{"start":{"line":60,"column":26},"end":{"line":60,"column":27}},"loc":{"start":{"line":60,"column":38},"end":{"line":73,"column":3}},"line":60},"3":{"name":"(anonymous_3)","decl":{"start":{"line":75,"column":23},"end":{"line":75,"column":24}},"loc":{"start":{"line":75,"column":29},"end":{"line":79,"column":3}},"line":75},"4":{"name":"(anonymous_4)","decl":{"start":{"line":81,"column":24},"end":{"line":81,"column":25}},"loc":{"start":{"line":81,"column":50},"end":{"line":95,"column":3}},"line":81},"5":{"name":"(anonymous_5)","decl":{"start":{"line":97,"column":21},"end":{"line":97,"column":22}},"loc":{"start":{"line":97,"column":33},"end":{"line":129,"column":3}},"line":97},"6":{"name":"(anonymous_6)","decl":{"start":{"line":131,"column":23},"end":{"line":131,"column":24}},"loc":{"start":{"line":131,"column":49},"end":{"line":158,"column":3}},"line":131},"7":{"name":"(anonymous_7)","decl":{"start":{"line":140,"column":19},"end":{"line":140,"column":20}},"loc":{"start":{"line":140,"column":31},"end":{"line":154,"column":11}},"line":140},"8":{"name":"(anonymous_8)","decl":{"start":{"line":160,"column":23},"end":{"line":160,"column":24}},"loc":{"start":{"line":160,"column":55},"end":{"line":179,"column":3}},"line":160},"9":{"name":"(anonymous_9)","decl":{"start":{"line":195,"column":35},"end":{"line":195,"column":36}},"loc":{"start":{"line":195,"column":41},"end":{"line":195,"column":54}},"line":195},"10":{"name":"(anonymous_10)","decl":{"start":{"line":214,"column":24},"end":{"line":214,"column":25}},"loc":{"start":{"line":215,"column":10},"end":{"line":270,"column":17}},"line":215},"11":{"name":"(anonymous_11)","decl":{"start":{"line":238,"column":31},"end":{"line":238,"column":32}},"loc":{"start":{"line":238,"column":37},"end":{"line":238,"column":60}},"line":238},"12":{"name":"(anonymous_12)","decl":{"start":{"line":257,"column":25},"end":{"line":257,"column":26}},"loc":{"start":{"line":257,"column":31},"end":{"line":257,"column":55}},"line":257},"13":{"name":"(anonymous_13)","decl":{"start":{"line":264,"column":25},"end":{"line":264,"column":26}},"loc":{"start":{"line":264,"column":31},"end":{"line":264,"column":54}},"line":264},"14":{"name":"(anonymous_14)","decl":{"start":{"line":279,"column":24},"end":{"line":279,"column":25}},"loc":{"start":{"line":279,"column":30},"end":{"line":279,"column":52}},"line":279},"15":{"name":"(anonymous_15)","decl":{"start":{"line":288,"column":41},"end":{"line":288,"column":42}},"loc":{"start":{"line":288,"column":47},"end":{"line":288,"column":69}},"line":288},"16":{"name":"(anonymous_16)","decl":{"start":{"line":309,"column":30},"end":{"line":309,"column":31}},"loc":{"start":{"line":309,"column":40},"end":{"line":309,"column":80}},"line":309},"17":{"name":"(anonymous_17)","decl":{"start":{"line":319,"column":30},"end":{"line":319,"column":31}},"loc":{"start":{"line":319,"column":40},"end":{"line":319,"column":79}},"line":319},"18":{"name":"(anonymous_18)","decl":{"start":{"line":331,"column":30},"end":{"line":331,"column":31}},"loc":{"start":{"line":331,"column":40},"end":{"line":331,"column":87}},"line":331},"19":{"name":"(anonymous_19)","decl":{"start":{"line":339,"column":56},"end":{"line":339,"column":57}},"loc":{"start":{"line":340,"column":18},"end":{"line":356,"column":37}},"line":340},"20":{"name":"(anonymous_20)","decl":{"start":{"line":346,"column":29},"end":{"line":346,"column":30}},"loc":{"start":{"line":346,"column":35},"end":{"line":346,"column":78}},"line":346},"21":{"name":"(anonymous_21)","decl":{"start":{"line":365,"column":30},"end":{"line":365,"column":31}},"loc":{"start":{"line":365,"column":40},"end":{"line":365,"column":84}},"line":365},"22":{"name":"(anonymous_22)","decl":{"start":{"line":375,"column":30},"end":{"line":375,"column":31}},"loc":{"start":{"line":375,"column":40},"end":{"line":375,"column":86}},"line":375},"23":{"name":"(anonymous_23)","decl":{"start":{"line":385,"column":30},"end":{"line":385,"column":31}},"loc":{"start":{"line":386,"column":18},"end":{"line":386,"column":76}},"line":386},"24":{"name":"(anonymous_24)","decl":{"start":{"line":398,"column":33},"end":{"line":398,"column":34}},"loc":{"start":{"line":399,"column":20},"end":{"line":399,"column":68}},"line":399},"25":{"name":"(anonymous_25)","decl":{"start":{"line":409,"column":33},"end":{"line":409,"column":34}},"loc":{"start":{"line":410,"column":20},"end":{"line":410,"column":66}},"line":410}},"branchMap":{"0":{"loc":{"start":{"line":63,"column":6},"end":{"line":66,"column":7}},"type":"if","locations":[{"start":{"line":63,"column":6},"end":{"line":66,"column":7}},{"start":{},"end":{}}],"line":63},"1":{"loc":{"start":{"line":89,"column":18},"end":{"line":89,"column":44}},"type":"binary-expr","locations":[{"start":{"line":89,"column":18},"end":{"line":89,"column":38}},{"start":{"line":89,"column":42},"end":{"line":89,"column":44}}],"line":89},"2":{"loc":{"start":{"line":98,"column":4},"end":{"line":101,"column":5}},"type":"if","locations":[{"start":{"line":98,"column":4},"end":{"line":101,"column":5}},{"start":{},"end":{}}],"line":98},"3":{"loc":{"start":{"line":98,"column":8},"end":{"line":98,"column":53}},"type":"binary-expr","locations":[{"start":{"line":98,"column":8},"end":{"line":98,"column":29}},{"start":{"line":98,"column":33},"end":{"line":98,"column":53}}],"line":98},"4":{"loc":{"start":{"line":105,"column":18},"end":{"line":107,"column":41}},"type":"cond-expr","locations":[{"start":{"line":106,"column":10},"end":{"line":106,"column":64}},{"start":{"line":107,"column":10},"end":{"line":107,"column":41}}],"line":105},"5":{"loc":{"start":{"line":109,"column":21},"end":{"line":109,"c
[...]
},"branchMap":{"0":{"loc":{"start":{"line":29,"column":2},"end":{"line":31,"column":3}},"type":"if","locations":[{"start":{"line":29,"column":2},"end":{"line":31,"column":3}},{"start":{},"end":{}}],"line":29},"1":{"loc":{"start":{"line":29,"column":6},"end":{"line":29,"column":67}},"type":"binary-expr","locations":[{"start":{"line":29,"column":6},"end":{"line":29,"column":31}},{"start":{"line":29,"column":35},"end":{"line":29,"column":67}}],"line":29},"2":{"loc":{"start":{"line":32,"column":2},"end":{"line":34,"column":3}},"type":"if","locations":[{"start":{"line":32,"column":2},"end":{"line":34,"column":3}},{"start":{},"end":{}}],"line":32},"3":{"loc":{"start":{"line":32,"column":6},"end":{"line":32,"column":90}},"type":"binary-expr","locations":[{"start":{"line":32,"column":6},"end":{"line":32,"column":30}},{"start":{"line":32,"column":34},"end":{"line":32,"column":59}},{"start":{"line":32,"column":63},"end":{"line":32,"column":90}}],"line":32},"4":{"loc":{"start":{"line":35,"column":2},"end":{"line":37,"column":3}},"type":"if","locations":[{"start":{"line":35,"column":2},"end":{"line":37,"column":3}},{"start":{},"end":{}}],"line":35},"5":{"loc":{"start":{"line":35,"column":6},"end":{"line":35,"column":93}},"type":"binary-expr","locations":[{"start":{"line":35,"column":6},"end":{"line":35,"column":33}},{"start":{"line":35,"column":37},"end":{"line":35,"column":62}},{"start":{"line":35,"column":66},"end":{"line":35,"column":93}}],"line":35},"6":{"loc":{"start":{"line":38,"column":2},"end":{"line":40,"column":3}},"type":"if","locations":[{"start":{"line":38,"column":2},"end":{"line":40,"column":3}},{"start":{},"end":{}}],"line":38},"7":{"loc":{"start":{"line":38,"column":6},"end":{"line":38,"column":101}},"type":"binary-expr","locations":[{"start":{"line":38,"column":6},"end":{"line":38,"column":34}},{"start":{"line":38,"column":38},"end":{"line":38,"column":69}},{"start":{"line":38,"column":73},"end":{"line":38,"column":101}}],"line":38},"8":{"loc":{"start":{"line":41,"column":2},"end":{"line":43,"column":3}},"type":"if","locations":[{"start":{"line":41,"column":2},"end":{"line":43,"column":3}},{"start":{},"end":{}}],"line":41},"9":{"loc":{"start":{"line":41,"column":6},"end":{"line":41,"column":102}},"type":"binary-expr","locations":[{"start":{"line":41,"column":6},"end":{"line":41,"column":36}},{"start":{"line":41,"column":40},"end":{"line":41,"column":66}},{"start":{"line":41,"column":70},"end":{"line":41,"column":102}}],"line":41},"10":{"loc":{"start":{"line":50,"column":2},"end":{"line":63,"column":3}},"type":"switch","locations":[{"start":{"line":51,"column":4},"end":{"line":52,"column":85}},{"start":{"line":53,"column":4},"end":{"line":54,"column":100}},{"start":{"line":55,"column":4},"end":{"line":56,"column":102}},{"start":{"line":57,"column":4},"end":{"line":58,"column":99}},{"start":{"line":59,"column":4},"end":{"line":60,"column":93}},{"start":{"line":61,"column":4},"end":{"line":62,"column":82}}],"line":50},"11":{"loc":{"start":{"line":72,"column":4},"end":{"line":79,"column":5}},"type":"if","locations":[{"start":{"line":72,"column":4},"end":{"line":79,"column":5}},{"start":{},"end":{}}],"line":72},"12":{"loc":{"start":{"line":85,"column":4},"end":{"line":87,"column":5}},"type":"if","locations":[{"start":{"line":85,"column":4},"end":{"line":87,"column":5}},{"start":{},"end":{}}],"line":85},"13":{"loc":{"start":{"line":100,"column":4},"end":{"line":100,"column":24}},"type":"if","locations":[{"start":{"line":100,"column":4},"end":{"line":100,"column":24}},{"start":{},"end":{}}],"line":100},"14":{"loc":{"start":{"line":117,"column":48},"end":{"line":117,"column":72}},"type":"default-arg","locations":[{"start":{"line":117,"column":67},"end":{"line":117,"column":72}}],"line":117},"15":{"loc":{"start":{"line":139,"column":4},"end":{"line":139,"column":40}},"type":"cond-expr","locations":[{"start":{"line":139,"column":14},"end":{"line":139,"column":30}},{"start":{"line":139,"column":33},"end":{"line":139,"column":40}}],"line":139},"16":{"loc":{"start":{"line":145,"column":10},"end":{"line":152,"column":11}},"type":"if","locations":[{"start":{"line":145,"column":10},"end":{"line":152,"column":11}},{"start":{},"end":{}}],"line":145},"17":{"loc":{"start":{"line":168,"column":16},"end":{"line":168,"column":76}},"type":"cond-expr","locations":[{"start":{"line":168,"column":42},"end":{"line":168,"column":48}},{"start":{"line":168,"column":51},"end":{"line":168,"column":76}}],"line":168},"18":{"loc":{"start":{"line":176,"column":13},"end":{"line":176,"column":44}},"type":"binary-expr","locations":[{"start":{"line":176,"column":13},"end":{"line":176,"column":26}},{"start":{"line":176,"column":30},"end":{"line":176,"column":44}}],"line":176},"19":{"loc":{"start":{"line":201,"column":2},"end":{"line":210,"column":3}},"type":"if","locations":[{"start":{"line":201,"column":2},"end":{"line":210,"column":3}},{"start":{},"end":{}}],"line":201},"20":{"loc":{"start":{"line":206,"column":6},"end":{"line":208,"column":7}},"type":"if","locations":[{"start":{"line":206,"column":6},"end":{"line":208,"column":7}},{"start":{},"end":{}}],"line":206},"21":{"loc":{"start":{"line":227,"column":4},"end":{"line":229,"column":5}},"type":"if","locations":[{"start":{"line":227,"column":4},"end":{"line":229,"column":5}},{"start":{},"end":{}}],"line":227},"22":{"loc":{"start":{"line":227,"column":8},"end":{"line":227,"column":58}},"type":"binary-expr","locations":[{"start":{"line":227,"column":8},"end":{"line":227,"column":34}},{"start":{"line":227,"column":38},"end":{"line":227,"column":58}}],"line":227}},"s":{"0":0,"1":0,"2":0,"3":0,"4":0,"5":0,"6":0,"7":0,"8":0,"9":0,"10":0,"11":0,"12":0,"13":0,"14":0,"15":0,"16":0,"17":0,"18":0,"19":0,"20":0,"21":0,"22":0,"23":0,"24":0,"25":0,"26":0,"27":0,"28":0,"29":0,"30":0,"31":0,"32":0,"33":0,"34":0,"35":0,"36":0,"37":0,"38":0,"39":0,"40":0,"41":0,"42":0,"43":0,"44":0,"45":0,"46":0,"47":0,"48":0,"49":0,"50":0,"51":0,"52":0,"53":0,"54":0,"55":0,"56":0,"57":0,"58":0,"59":0,"60":0,"61":0,"62":0,"63":0,"64":0,"65":0,"66":0,"67":0,"68":0,"69":0,"70":0},"f":{"0":0,"1":0,"2":0,"3":0,"4":0,"5":0,"6":0,"7":0,"8":0,"9":0,"10":0,"11":0,"12":0},"b":{"0":[0,0],"1":[0,0],"2":[0,0],"3":[0,0,0],"4":[0,0],"5":[0,0,0],"6":[0,0],"7":[0,0,0],"8":[0,0],"9":[0,0,0],"10":[0,0,0,0,0,0],"11":[0,0],"12":[0,0],"13":[0,0],"14":[0],"15":[0,0],"16":[0,0],"17":[0,0],"18":[0,0],"19":[0,0],"20":[0,0],"21":[0,0],"22":[0,0]}}
,"/home/runner/work/Optical-Rx-Now/Optical-Rx-Now/frontend/utils/storage.ts": {"path":"/home/runner/work/Optical-Rx-Now/Optical-Rx-Now/frontend/utils/storage.ts","statementMap":{"0":{"start":{"line":17,"column":4},"end":{"line":17,"column":19}},"1":{"start":{"line":18,"column":4},"end":{"line":18,"column":31}},"2":{"start":{"line":23,"column":27},"end":{"line":23,"column":28}},"3":{"start":{"line":24,"column":23},"end":{"line":24,"column":26}},"4":{"start":{"line":28,"column":2},"end":{"line":28,"column":57}},"5":{"start":{"line":28,"column":32},"end":{"line":28,"column":55}},"6":{"start":{"line":33,"column":2},"end":{"line":33,"column":25}},"7":{"start":{"line":38,"column":2},"end":{"line":44,"column":4}},"8":{"start":{"line":49,"column":2},"end":{"line":55,"column":4}},"9":{"start":{"line":60,"column":14},"end":{"line":60,"column":29}},"10":{"start":{"line":61,"column":16},"end":{"line":61,"column":60}},"11":{"start":{"line":63,"column":2},"end":{"line":87,"column":3}},"12":{"start":{"line":65,"column":6},"end":{"line":65,"column":29}},"13":{"start":{"line":66,"column":6},"end":{"line":66,"column":177}},"14":{"start":{"line":67,"column":6},"end":{"line":67,"column":12}},"15":{"start":{"line":69,"column":6},"end":{"line":69,"column":41}},"16":{"start":{"line":70,"column":6},"end":{"line":70,"column":100}},"17":{"start":{"line":71,"column":6},"end":{"line":71,"column":12}},"18":{"start":{"line":73,"column":6},"end":{"line":73,"column":27}},"19":{"start":{"line":74,"column":6},"end":{"line":74,"column":108}},"20":{"start":{"line":75,"column":6},"end":{"line":75,"column":12}},"21":{"start":{"line":77,"column":6},"end":{"line":77,"column":30}},"22":{"start":{"line":78,"column":6},"end":{"line":78,"column":96}},"23":{"start":{"line":79,"column":6},"end":{"line":79,"column":12}},"24":{"start":{"line":81,"column":6},"end":{"line":81,"column":32}},"25":{"start":{"line":82,"column":6},"end":{"line":82,"column":89}},"26":{"start":{"line":83,"column":6},"end":{"line":83,"column":12}},"27":{"start":{"line":85,"column":6},"end":{"line":85,"column":30}},"28":{"start":{"line":86,"column":6},"end":{"line":86,"column":93}},"29":{"start":{"line":89,"column":2},"end":{"line":89,"column":48}},"30":{"start":{"line":97,"column":2},"end":{"line":115,"column":3}},"31":{"start":{"line":98,"column":18},"end":{"line":98,"column":49}},"32":{"start":{"line":99,"column":4},"end":{"line":99,"column":17}},"33":{"start":{"line":101,"column":4},"end":{"line":101,"column":55}},"34":{"start":{"line":104,"column":4},"end":{"line":107,"column":5}},"35":{"start":{"line":105,"column":6},"end":{"line":105,"column":53}},"36":{"start":{"line":106,"column":6},"end":{"line":106,"column":46}},"37":{"start":{"line":110,"column":4},"end":{"line":114,"column":6}},"38":{"start":{"line":125,"column":2},"end":{"line":164,"column":3}},"39":{"start":{"line":127,"column":4},"end":{"line":137,"column":5}},"40":{"start":{"line":128,"column":6},"end":{"line":136,"column":7}},"41":{"start":{"line":129,"column":30},"end":{"line":129,"column":61}},"42":{"start":{"line":130,"column":8},"end":{"line":132,"column":9}},"43":{"start":{"line":131,"column":10},"end":{"line":131,"column":71}},"44":{"start":{"line":134,"column":8},"end":{"line":134,"column":62}},"45":{"start":{"line":139,"column":4},"end":{"line":139,"column":43}},"46":{"start":{"line":141,"column":4},"end":{"line":141,"column":55}},"47":{"start":{"line":144,"column":4},"end":{"line":150,"column":5}},"48":{"start":{"line":145,"column":6},"end":{"line":149,"column":8}},"49":{"start":{"line":153,"column":4},"end":{"line":156,"column":5}},"50":{"start":{"line":154,"column":6},"end":{"line":154,"column":53}},"51":{"start":{"line":155,"column":6},"end":{"line":155,"column":67}},"52":{"start":{"line":159,"column":4},"end":{"line":163,"column":6}},"53":{"start":{"line":172,"column":2},"end":{"line":229,"column":3}},"54":{"start":{"line":174,"column":18},"end":{"line":174,"column":40}},"55":{"start":{"line":176,"column":4},"end":{"line":178,"column":5}},"56":{"start":{"line":177,"column":6},"end":{"line":177,"column":26}},"57":{"start":{"line":181,"column":4},"end":{"line":214,"column":5}},"58":{"start":{"line":182,"column":6},"end":{"line":182,"column":36}},"59":{"start":{"line":184,"column":6},"end":{"line":184,"column":74}},"60":{"start":{"line":187,"column":6},"end":{"line":206,"column":7}},"61":{"start":{"line":188,"column":28},"end":{"line":188,"column":64}},"62":{"start":{"line":190,"column":8},"end":{"line":203,"column":9}},"63":{"start":{"line":191,"column":31},"end":{"line":191,"column":59}},"64":{"start":{"line":194,"column":10},"end":{"line":194,"column":53}},"65":{"start":{"line":196,"column":10},"end":{"line":200,"column":12}},"66":{"start":{"line":202,"column":10},"end":{"line":202,"column":30}},"67":{"start":{"line":205,"column":8},"end":{"line":205,"column":57}},"68":{"start":{"line":209,"column":6},"end":{"line":213,"column":8}},"69":{"start":{"line":216,"column":4},"end":{"line":216,"column":58}},"70":{"start":{"line":219,"column":4},"end":{"line":221,"column":5}},"71":{"start":{"line":220,"column":6},"end":{"line":220,"column":18}},"72":{"start":{"line":224,"column":4},"end":{"line":228,"column":6}},"73":{"start":{"line":234,"column":2},"end":{"line":239,"column":3}},"74":{"start":{"line":235,"column":4},"end":{"line":235,"column":27}},"75":{"start":{"line":236,"column":4},"end":{"line":236,"column":16}},"76":{"start":{"line":238,"column":4},"end":{"line":238,"column":17}},"77":{"start":{"line":244,"column":2},"end":{"line":248,"column":3}},"78":{"start":{"line":245,"column":4},"end":{"line":245,"column":53}},"79":{"start":{"line":247,"column":4},"end":{"line":247,"column":52}},"80":{"start":{"line":256,"column":2},"end":{"line":281,"column":3}},"81":{"start":{"line":257,"column":17},"end":{"line":257,"column":48}},"82":{"start":{"line":258,"column":24},"end":{"line":258,"column":25}},"83":{"start":{"line":261,"column":4},"end":{"line":270,"column":5}},"84":{"start":{"line":262,"column":6},"end":{"line":269,"column":7}},"85":{"start":{"line":263,"column":22},"end":{"line":263,"column":53}},"86":{"start":{"line":264,"column":8},"end":{"line":266,"column":9}},"87":{"start":{"line":265,"column":10},"end":{"line":265,"column":40}},"88":{"start":{"line":272,"column":4},"end":{"line":274,"column":6}},"89":{"start":{"line":276,"column":4},"end":{"line":276,"column":56}},"90":{"start":{"line":277,"column":4},"end":{"line":280,"column":6}}},"fnMap":{"0":{"name":"(anonymous_0)","decl":{"start":{"line":6,"column":2},"end":{"line":6,"column":3}},"loc":{"start":{"line":16,"column":4},"end":{"line":19,"column":3}},"line":16},"1":{"name":"delay","decl":{"start":{"line":27,"column":9},"end":{"line":27,"column":14}},"loc":{"start":{"line":27,"column":42},"end":{"line":29,"column":1}},"line":27},"2":{"name":"(anonymous_2)","decl":{"start":{"line":28,"column":21},"end":{"line":28,"column":22}},"loc":{"start":{"line":28,"column":32},"end":{"line":28,"column":55}},"line":28},"3":{"name":"getBackupKey","decl":{"start":{"line":32,"column":9},"end":{"line":32,"column":21}},"loc":{"start":{"line":32,"column":43},"end":{"line":34,"column":1}},"line":32},"4":{"name":"isQuotaExceededError","decl":{"start":{"line":37,"column":9},"end":{"line":37,"column":29}},"loc":{"start":{"line":37,"column":51},"end":{"line":45,"column":1}},"line":37},"5":{"name":"isCorruptionError","decl":{"start":{"line":48,"column":9},"end":{"line":48,"column":26}},"loc":{"start":{"line":48,"column":48},"end":{"line":56,"column":1}},"line":48},"6":{"name":"handleStorageError","decl":{"start":{"line":59,"column":16},"end":{"line":59,"column":34}},"loc":{"start":{"line":59,"column":62},"end":{"line":90,"column":1}},"line":59},"7":{"name":"safeGetItem","decl":{"start":{"line":93,"column":22},"end":{"line":93,"column":33}},"loc":{"start":{"line":96,"column":26},"end":{"line":116,"column":1}},"line":96},"8":{"name":"safeSetItem","decl":{"start":{"line":119,"column":22},"end":{"line":119,"column":33}},"loc":{"start":{"line":124,"column":17},"end":{"line":165,"column":1}},"line":124},"9":{"name":"getItemWithRecovery","decl":{"start":{"line":168,"column":22},"end":{"line":168,"column":41}},"loc":{"start":{"line":171,"column":14},"end":{"line":230,"column":1}},"line":171},"10":{"name":"validateJSON","decl":{"start":{"line":233,"column":16},"end":{"line":233,"column":28}},"loc":{"start":{"line":233,"column":58},"end":{"line":240,"column":1}},"line":233},"11":{"name":"clearBackup","decl":{"start":{"line":243,"column":22},"end":{"line":243,"column":33}},"loc":{"start":{"line":243,"column":62},"end":{"line":249,"column":1}},"line":243},"12":{"name":"getStorageInfo","decl":{"start":{"line":252,"column":22},"end":{"line":252,"column":36}},"loc":{"start":{"line":255,"column":3},"end":{"line":282,"column":1}},"line":255}},"branchMap":{"0":{"loc":{"start":{"line":39,"column":4},"end":{"line":43,"column":42}},"type":"binary-expr","locations":[{"start":{"line":39,"column":4},"end":{"line":39,"column":26}},{"start":{"line":40,"column":5},"end":{"line":40,"column":49}},{"start":{"line":41,"column":6},"end":{"line":41,"column":37}},{"start":{"line":42,"column":6},"end":{"line":42,"column":44}},{"start":{"line":43,"column":6},"end":{"line":43,"column":41}}],"line":39},"1":{"loc":{"start":{"line":50,"column":4},"end":{"line":54,"column":40}},"type":"binary-expr","locations":[{"start":{"line":50,"column":4},"end":{"line":50,"column":26}},{"start":{"line":51,"column":5},"end":{"line":51,"column":35}},{"start":{"line":52,"column":6},"end":{"line":52,"column":37}},{"start":{"line":53,"column":6},"end":{"line":53,"column":48}},{"start":{"line":54,"column":6},"end":{"line":54,"column":39}}],"line":50},"2":{"loc":{"start":{"line":63,"column":2},"end":{"line":87,"column":3}},"type":"switch","locations":[{"start":{"line":64,"column":4},"end":{"line":67,"column":12}},{"start":{"line":68,"column":4},"end":{"line":71,"column":12}},{"start":{"line":72,"column":4},"end":{"line":75,"column":12}},{"start":{"line":76,"column":4},"end":{"line":79,"column":12}},{"start":{"line":80,"column":4},"end":{"line":83,"column":12}},{"start":{"line":84,"column":4},"end":{"line":86,"column":93}}],"line":63},"3":{"loc":{"start":{"line":95,"column":2},"end":{"line":95,"column":24}},"type":"default-arg","locations":[{"start":{"line":95,"column":23},"end":{"line":95,"column":24}}],"line":95},"4":{"loc":{"start":{"line":104,"column":4},"end":{"line":107,"column":5}},"type":"if","locations":[{"start":{"line":104,"column":4},"end":{"line":107,"column":5}},{"start":{},"end":{}}],"line":104},"5":{"loc":{"start":{"line":122,"column":2},"end":{"line":122,"column":30}},"type":"default-arg","locations":[{"start":{"line":122,"column":26},"end":{"line":122,"column":30}}],"line":122},"6":{"loc":{"start":{"line":123,"column":2},"end":{"line":123,"column":24}},"type":"default-arg","locations":[{"start":{"line":123,"column":23},"end":{"line":123,"column":24}}],"line":123},"7":{"loc":{"start":{"line":127,"column":4},"end":{"line":137,"column":5}},"type":"if","locations":[{"start":{"line":127,"column":4},"end":{"line":137,"column":5}},{"start":{},"end":{}}],"line":127},"8":{"loc":{"start":{"line":130,"column":8},"end":{"line":132,"column":9}},"type":"if","locations":[{"start":{"line":130,"column":8},"end":{"line":132,"column":9}},{"start":{},"end":{}}],"line":130},"9":{"loc":{"start":{"line":144,"column":4},"end":{"line":150,"column":5}},"type":"if","locations":[{"start":{"line":144,"column":4},"end":{"line":150,"column":5}},{"start":{},"end":{}}],"line":144},"10":{"loc":{"start":{"line":153,"column":4},"end":{"line":156,"column":5}},"type":"if","locations":[{"start":{"line":153,"column":4},"end":{"line":156,"column":5}},{"start":{},"end":{}}],"line":153},"11":{"loc":{"start":{"line":176,"column":4},"end":{"line":178,"column":5}},"type":"if","locations":[{"start":{"line":176,"column":4},"end":{"line":178,"column":5}},{"start":{},"end":{}}],"line":176},"12":{"loc":{"start":{"line":190,"column":8},"end":{"line":203,"column":9}},"type":"if","locations":[{"start":{"line":190,"column":8},"end":{"line":203,"column":9}},{"start":{},"end":{}}],"line":190},"13":{"loc":{"start":{"line":219,"column":4},"end":{"line":221,"column":5}},"type":"if","locations":[{"start":{"line":219,"column":4},"end":{"line":221,"column":5}},{"start":{},"end":{}}],"line":219},"14":{"loc":{"start":{"line":264,"column":8},"end":{"line":266,"column":9}},"type":"if","locations":[{"start":{"line":264,"column":8},"end":{"line":266,"column":9}},{"start":{},"end":{}}],"line":264}},"s":{"0":4,"1":4,"2":1,"3":1,"4":2,"5":2,"6":3,"7":2,"8":0,"9":1,"10":1,"11":1,"12":1,"13":1,"14":1,"15":0,"16":0,"17":0,"18":0,"19":0,"20":0,"21":0,"22":0,"23":0,"24":0,"25":0,"26":0,"27":0,"28":0,"29":1,"30":9,"31":9,"32":7,"33":2,"34":2,"35":2,"36":2,"37":0,"38":5,"39":5,"40":4,"41":4,"42":4,"43":1,"44":0,"45":5,"46":2,"47":2,"48":2,"49":0,"50":0,"51":0,"52":0,"53":3,"54":3,"55":3,"56":1,"57":2,"58":2,"59":1,"60":1,"61":1,"62":1,"63":1,"64":1,"65":1,"66":1,"67":0,"68":0,"69":0,"70":0,"71":0,"72":0,"73":6,"74":6,"75":3,"76":3,"77":1,"78":1,"79":0,"80":2,"81":2,"82":1,"83":1,"84":2,"85":2,"86":2,"87":2,"88":1,"89":1,"90":1},"f":{"0":4,"1":2,"2":2,"3":3,"4":2,"5":0,"6":1,"7":9,"8":5,"9":3,"10":6,"11":1,"12":2},"b":{"0":[2,2,0,0,0],"1":[0,0,0,0,0],"2":[1,0,0,0,0,0],"3":[7],"4":[2,0],"5":[3],"6":[5],"7":[4,1],"8":[1,3],"9":[2,0],"10":[0,0],"11":[1,2],"12":[1,0],"13":[0,0],"14":[2,0]},"_coverageSchema":"1a1c01bbd47fc00a2c39e90264f33305004495a9","hash":"32f27fd7bcb43fcca0a32cca2ec900032405f23e"}
}
