TN:
SF:app/_layout.tsx
FN:13,RootLayout
FN:18,(anonymous_1)
FN:23,(anonymous_2)
FN:24,(anonymous_3)
FN:54,(anonymous_4)
FN:58,(anonymous_5)
FN:60,(anonymous_6)
FN:64,(anonymous_7)
FN:70,(anonymous_8)
FNF:9
FNH:0
FNDA:0,RootLayout
FNDA:0,(anonymous_1)
FNDA:0,(anonymous_2)
FNDA:0,(anonymous_3)
FNDA:0,(anonymous_4)
FNDA:0,(anonymous_5)
FNDA:0,(anonymous_6)
FNDA:0,(anonymous_7)
FNDA:0,(anonymous_8)
DA:14,0
DA:15,0
DA:16,0
DA:18,0
DA:19,0
DA:20,0
DA:23,0
DA:24,0
DA:25,0
DA:27,0
DA:28,0
DA:29,0
DA:30,0
DA:31,0
DA:32,0
DA:35,0
DA:36,0
DA:38,0
DA:39,0
DA:41,0
DA:42,0
DA:45,0
DA:46,0
DA:47,0
DA:51,0
DA:54,0
DA:55,0
DA:56,0
DA:58,0
DA:60,0
DA:64,0
DA:65,0
DA:66,0
DA:67,0
DA:70,0
DA:71,0
DA:72,0
DA:74,0
DA:75,0
DA:79,0
DA:80,0
DA:90,0
DA:91,0
DA:116,0
DA:146,0
LF:45
LH:0
BRDA:27,0,0,0
BRDA:27,0,1,0
BRDA:41,1,0,0
BRDA:41,1,1,0
BRDA:41,2,0,0
BRDA:41,2,1,0
BRDA:55,3,0,0
BRDA:55,3,1,0
BRDA:55,4,0,0
BRDA:55,4,1,0
BRDA:55,4,2,0
BRDA:71,5,0,0
BRDA:71,5,1,0
BRDA:79,6,0,0
BRDA:79,6,1,0
BRDA:90,7,0,0
BRDA:90,7,1,0
BRDA:90,8,0,0
BRDA:90,8,1,0
BRF:19
BRH:0
end_of_record
TN:
SF:app/add-member.tsx
FN:29,AddMemberScreen
FN:36,(anonymous_1)
FN:38,(anonymous_2)
FN:46,(anonymous_3)
FN:54,(anonymous_4)
FN:58,(anonymous_5)
FN:86,(anonymous_6)
FN:123,(anonymous_7)
FN:145,(anonymous_8)
FN:152,(anonymous_9)
FNF:10
FNH:0
FNDA:0,AddMemberScreen
FNDA:0,(anonymous_1)
FNDA:0,(anonymous_2)
FNDA:0,(anonymous_3)
FNDA:0,(anonymous_4)
FNDA:0,(anonymous_5)
FNDA:0,(anonymous_6)
FNDA:0,(anonymous_7)
FNDA:0,(anonymous_8)
FNDA:0,(anonymous_9)
DA:20,0
DA:30,0
DA:31,0
DA:32,0
DA:33,0
DA:36,0
DA:37,0
DA:38,0
DA:39,0
DA:41,0
DA:46,0
DA:49,0
DA:51,0
DA:54,0
DA:58,0
DA:60,0
DA:62,0
DA:64,0
DA:65,0
DA:66,0
DA:68,0
DA:69,0
DA:70,0
DA:74,0
DA:75,0
DA:76,0
DA:79,0
DA:80,0
DA:81,0
DA:82,0
DA:83,0
DA:86,0
DA:89,0
DA:92,0
DA:94,0
DA:97,0
DA:99,0
DA:100,0
DA:101,0
DA:102,0
DA:103,0
DA:105,0
DA:109,0
DA:111,0
DA:115,0
DA:123,0
DA:146,0
DA:152,0
DA:192,0
LF:49
LH:0
BRDA:37,0,0,0
BRDA:37,0,1,0
BRDA:39,1,0,0
BRDA:39,1,1,0
BRDA:39,2,0,0
BRDA:39,2,1,0
BRDA:60,3,0,0
BRDA:60,3,1,0
BRDA:64,4,0,0
BRDA:64,4,1,0
BRDA:68,5,0,0
BRDA:68,5,1,0
BRDA:74,6,0,0
BRDA:74,6,1,0
BRDA:99,7,0,0
BRDA:99,7,1,0
BRDA:100,8,0,0
BRDA:100,8,1,0
BRDA:100,9,0,0
BRDA:100,9,1,0
BRDA:102,10,0,0
BRDA:102,10,1,0
BRDA:118,11,0,0
BRDA:118,11,1,0
BRDA:150,12,0,0
BRDA:150,12,1,0
BRDA:157,13,0,0
BRDA:157,13,1,0
BRDA:172,14,0,0
BRDA:172,14,1,0
BRDA:172,14,2,0
BRDA:175,15,0,0
BRDA:175,15,1,0
BRDA:175,15,2,0
BRDA:177,16,0,0
BRDA:177,16,1,0
BRDA:270,17,0,0
BRDA:270,17,1,0
BRF:38
BRH:0
end_of_record
TN:
SF:app/add-rx.tsx
FN:25,(anonymous_0)
FN:31,AddRxScreen
FN:46,(anonymous_2)
FN:52,(anonymous_3)
FN:62,(anonymous_4)
FN:64,(anonymous_5)
FN:72,(anonymous_6)
FN:80,(anonymous_7)
FN:84,(anonymous_8)
FN:115,(anonymous_9)
FN:129,(anonymous_10)
FN:142,(anonymous_11)
FN:157,(anonymous_12)
FN:165,(anonymous_13)
FN:169,(anonymous_14)
FN:188,(anonymous_15)
FN:244,(anonymous_16)
FN:257,(anonymous_17)
FN:272,(anonymous_18)
FN:280,(anonymous_19)
FN:284,(anonymous_20)
FN:303,(anonymous_21)
FN:357,(anonymous_22)
FN:415,(anonymous_23)
FN:429,(anonymous_24)
FN:431,(anonymous_25)
FN:449,(anonymous_26)
FN:472,(anonymous_27)
FN:524,(anonymous_28)
FN:531,(anonymous_29)
FN:553,(anonymous_30)
FN:574,(anonymous_31)
FNF:32
FNH:0
FNDA:0,(anonymous_0)
FNDA:0,AddRxScreen
FNDA:0,(anonymous_2)
FNDA:0,(anonymous_3)
FNDA:0,(anonymous_4)
FNDA:0,(anonymous_5)
FNDA:0,(anonymous_6)
FNDA:0,(anonymous_7)
FNDA:0,(anonymous_8)
FNDA:0,(anonymous_9)
FNDA:0,(anonymous_10)
FNDA:0,(anonymous_11)
FNDA:0,(anonymous_12)
FNDA:0,(anonymous_13)
FNDA:0,(anonymous_14)
FNDA:0,(anonymous_15)
FNDA:0,(anonymous_16)
FNDA:0,(anonymous_17)
FNDA:0,(anonymous_18)
FNDA:0,(anonymous_19)
FNDA:0,(anonymous_20)
FNDA:0,(anonymous_21)
FNDA:0,(anonymous_22)
FNDA:0,(anonymous_23)
FNDA:0,(anonymous_24)
FNDA:0,(anonymous_25)
FNDA:0,(anonymous_26)
FNDA:0,(anonymous_27)
FNDA:0,(anonymous_28)
FNDA:0,(anonymous_29)
FNDA:0,(anonymous_30)
FNDA:0,(anonymous_31)
DA:23,0
DA:25,0
DA:27,0
DA:28,0
DA:32,0
DA:33,0
DA:34,0
DA:35,0
DA:36,0
DA:37,0
DA:38,0
DA:39,0
DA:42,0
DA:43,0
DA:44,0
DA:46,0
DA:47,0
DA:48,0
DA:52,0
DA:53,0
DA:54,0
DA:56,0
DA:57,0
DA:62,0
DA:63,0
DA:64,0
DA:65,0
DA:67,0
DA:72,0
DA:75,0
DA:77,0
DA:80,0
DA:84,0
DA:85,0
DA:87,0
DA:88,0
DA:89,0
DA:90,0
DA:91,0
DA:95,0
DA:100,0
DA:101,0
DA:102,0
DA:103,0
DA:104,0
DA:108,0
DA:112,0
DA:115,0
DA:116,0
DA:117,0
DA:118,0
DA:119,0
DA:120,0
DA:123,0
DA:125,0
DA:129,0
DA:130,0
DA:131,0
DA:134,0
DA:135,0
DA:143,0
DA:144,0
DA:146,0
DA:152,0
DA:155,0
DA:157,0
DA:158,0
DA:165,0
DA:170,0
DA:171,0
DA:178,0
DA:179,0
DA:182,0
DA:183,0
DA:184,0
DA:188,0
DA:190,0
DA:191,0
DA:193,0
DA:195,0
DA:196,0
DA:197,0
DA:200,0
DA:209,0
DA:210,0
DA:212,0
DA:213,0
DA:217,0
DA:220,0
DA:223,0
DA:225,0
DA:227,0
DA:228,0
DA:229,0
DA:230,0
DA:232,0
DA:233,0
DA:234,0
DA:238,0
DA:240,0
DA:244,0
DA:245,0
DA:246,0
DA:249,0
DA:250,0
DA:258,0
DA:259,0
DA:261,0
DA:267,0
DA:270,0
DA:272,0
DA:273,0
DA:280,0
DA:285,0
DA:286,0
DA:293,0
DA:294,0
DA:297,0
DA:298,0
DA:299,0
DA:303,0
DA:305,0
DA:306,0
DA:308,0
DA:310,0
DA:311,0
DA:312,0
DA:315,0
DA:324,0
DA:325,0
DA:327,0
DA:328,0
DA:332,0
DA:335,0
DA:338,0
DA:340,0
DA:342,0
DA:343,0
DA:345,0
DA:346,0
DA:347,0
DA:351,0
DA:353,0
DA:357,0
DA:359,0
DA:361,0
DA:362,0
DA:363,0
DA:365,0
DA:366,0
DA:367,0
DA:370,0
DA:371,0
DA:372,0
DA:379,0
DA:381,0
DA:383,0
DA:385,0
DA:386,0
DA:387,0
DA:388,0
DA:389,0
DA:391,0
DA:395,0
DA:397,0
DA:401,0
DA:402,0
DA:411,0
DA:412,0
DA:415,0
DA:430,0
DA:431,0
DA:441,0
DA:449,0
DA:472,0
DA:525,0
DA:531,0
DA:553,0
DA:574,0
DA:640,0
LF:180
LH:0
BRDA:53,0,0,0
BRDA:53,0,1,0
BRDA:56,1,0,0
BRDA:56,1,1,0
BRDA:56,2,0,0
BRDA:56,2,1,0
BRDA:63,3,0,0
BRDA:63,3,1,0
BRDA:65,4,0,0
BRDA:65,4,1,0
BRDA:65,5,0,0
BRDA:65,5,1,0
BRDA:85,6,0,0
BRDA:85,6,1,0
BRDA:88,7,0,0
BRDA:88,7,1,0
BRDA:90,8,0,0
BRDA:90,8,1,0
BRDA:101,9,0,0
BRDA:101,9,1,0
BRDA:103,10,0,0
BRDA:103,10,1,0
BRDA:119,11,0,0
BRDA:119,11,1,0
BRDA:134,12,0,0
BRDA:134,12,1,0
BRDA:143,13,0,0
BRDA:143,13,1,0
BRDA:155,14,0,0
BRDA:155,14,1,0
BRDA:155,15,0,0
BRDA:155,15,1,0
BRDA:190,16,0,0
BRDA:190,16,1,0
BRDA:196,17,0,0
BRDA:196,17,1,0
BRDA:209,18,0,0
BRDA:209,18,1,0
BRDA:209,19,0,0
BRDA:209,19,1,0
BRDA:212,20,0,0
BRDA:212,20,1,0
BRDA:227,21,0,0
BRDA:227,21,1,0
BRDA:228,22,0,0
BRDA:228,22,1,0
BRDA:228,23,0,0
BRDA:228,23,1,0
BRDA:230,24,0,0
BRDA:230,24,1,0
BRDA:233,25,0,0
BRDA:233,25,1,0
BRDA:233,26,0,0
BRDA:233,26,1,0
BRDA:249,27,0,0
BRDA:249,27,1,0
BRDA:258,28,0,0
BRDA:258,28,1,0
BRDA:270,29,0,0
BRDA:270,29,1,0
BRDA:270,30,0,0
BRDA:270,30,1,0
BRDA:305,31,0,0
BRDA:305,31,1,0
BRDA:311,32,0,0
BRDA:311,32,1,0
BRDA:324,33,0,0
BRDA:324,33,1,0
BRDA:324,34,0,0
BRDA:324,34,1,0
BRDA:327,35,0,0
BRDA:327,35,1,0
BRDA:342,36,0,0
BRDA:342,36,1,0
BRDA:343,37,0,0
BRDA:343,37,1,0
BRDA:346,38,0,0
BRDA:346,38,1,0
BRDA:346,39,0,0
BRDA:346,39,1,0
BRDA:359,40,0,0
BRDA:359,40,1,0
BRDA:361,41,0,0
BRDA:361,41,1,0
BRDA:365,42,0,0
BRDA:365,42,1,0
BRDA:385,43,0,0
BRDA:385,43,1,0
BRDA:386,44,0,0
BRDA:386,44,1,0
BRDA:386,45,0,0
BRDA:386,45,1,0
BRDA:388,46,0,0
BRDA:388,46,1,0
BRDA:388,47,0,0
BRDA:388,47,1,0
BRDA:401,48,0,0
BRDA:401,48,1,0
BRDA:411,49,0,0
BRDA:411,49,1,0
BRDA:444,50,0,0
BRDA:444,50,1,0
BRDA:463,51,0,0
BRDA:463,51,1,0
BRDA:482,52,0,0
BRDA:482,52,1,0
BRDA:487,53,0,0
BRDA:487,53,1,0
BRDA:499,54,0,0
BRDA:499,54,1,0
BRDA:504,55,0,0
BRDA:504,55,1,0
BRDA:529,56,0,0
BRDA:529,56,1,0
BRDA:536,57,0,0
BRDA:536,57,1,0
BRDA:551,58,0,0
BRDA:551,58,1,0
BRDA:558,59,0,0
BRDA:558,59,1,0
BRDA:563,60,0,0
BRDA:563,60,1,0
BRDA:572,61,0,0
BRDA:572,61,1,0
BRDA:579,62,0,0
BRDA:579,62,1,0
BRDA:584,63,0,0
BRDA:584,63,1,0
BRDA:620,64,0,0
BRDA:620,64,1,0
BRDA:620,64,2,0
BRDA:623,65,0,0
BRDA:623,65,1,0
BRDA:623,65,2,0
BRDA:625,66,0,0
BRDA:625,66,1,0
BRDA:797,67,0,0
BRDA:797,67,1,0
BRF:138
BRH:0
end_of_record
TN:
SF:app/admin.tsx
FN:32,AdminDashboard
FN:38,(anonymous_1)
FN:42,(anonymous_2)
FN:57,(anonymous_3)
FN:58,(anonymous_4)
FN:73,(anonymous_5)
FN:98,(anonymous_6)
FN:102,(anonymous_7)
FN:113,(anonymous_8)
FN:133,(anonymous_9)
FN:197,(anonymous_10)
FN:200,(anonymous_11)
FNF:12
FNH:0
FNDA:0,AdminDashboard
FNDA:0,(anonymous_1)
FNDA:0,(anonymous_2)
FNDA:0,(anonymous_3)
FNDA:0,(anonymous_4)
FNDA:0,(anonymous_5)
FNDA:0,(anonymous_6)
FNDA:0,(anonymous_7)
FNDA:0,(anonymous_8)
FNDA:0,(anonymous_9)
FNDA:0,(anonymous_10)
FNDA:0,(anonymous_11)
DA:33,0
DA:34,0
DA:35,0
DA:36,0
DA:38,0
DA:39,0
DA:42,0
DA:43,0
DA:45,0
DA:46,0
DA:47,0
DA:49,0
DA:57,0
DA:58,0
DA:64,0
DA:66,0
DA:68,0
DA:69,0
DA:73,0
DA:74,0
DA:83,0
DA:84,0
DA:94,0
DA:98,0
DA:102,0
DA:113,0
DA:133,0
DA:198,0
DA:200,0
DA:219,0
LF:30
LH:0
BRDA:73,0,0,0
BRDA:83,1,0,0
BRDA:83,1,1,0
BRDA:150,2,0,0
BRDA:150,2,1,0
BRDA:156,3,0,0
BRDA:156,3,1,0
BRDA:162,4,0,0
BRDA:162,4,1,0
BRDA:168,5,0,0
BRDA:168,5,1,0
BRDA:180,6,0,0
BRDA:180,6,1,0
BRDA:187,7,0,0
BRDA:187,7,1,0
BRDA:197,8,0,0
BRDA:197,8,1,0
BRDA:205,9,0,0
BRDA:205,9,1,0
BRDA:205,10,0,0
BRDA:205,10,1,0
BRDA:212,11,0,0
BRDA:212,11,1,0
BRF:23
BRH:0
end_of_record
TN:
SF:app/index.tsx
FN:9,WelcomeScreen
FN:14,(anonymous_1)
FN:16,(anonymous_2)
FN:28,(anonymous_3)
FN:39,(anonymous_4)
FN:43,(anonymous_5)
FN:59,(anonymous_6)
FN:73,(anonymous_7)
FN:74,(anonymous_8)
FNF:9
FNH:0
FNDA:0,WelcomeScreen
FNDA:0,(anonymous_1)
FNDA:0,(anonymous_2)
FNDA:0,(anonymous_3)
FNDA:0,(anonymous_4)
FNDA:0,(anonymous_5)
FNDA:0,(anonymous_6)
FNDA:0,(anonymous_7)
FNDA:0,(anonymous_8)
DA:10,0
DA:11,0
DA:12,0
DA:14,0
DA:16,0
DA:17,0
DA:18,0
DA:19,0
DA:21,0
DA:24,0
DA:25,0
DA:28,0
DA:29,0
DA:30,0
DA:31,0
DA:33,0
DA:35,0
DA:39,0
DA:40,0
DA:43,0
DA:44,0
DA:45,0
DA:50,0
DA:51,0
DA:59,0
DA:61,0
DA:62,0
DA:64,0
DA:68,0
DA:73,0
DA:74,0
DA:79,0
DA:146,0
LF:33
LH:0
BRDA:112,0,0,0
BRDA:112,0,1,0
BRDA:117,1,0,0
BRDA:117,1,1,0
BRDA:125,2,0,0
BRDA:125,2,1,0
BRDA:125,2,2,0
BRDA:125,2,3,0
BRF:8
BRH:0
end_of_record
TN:
SF:app/manage-affiliates.tsx
FN:47,ManageAffiliatesScreen
FN:56,(anonymous_1)
FN:60,(anonymous_2)
FN:75,(anonymous_3)
FN:81,(anonymous_4)
FN:97,(anonymous_5)
FN:131,(anonymous_6)
FN:140,(anonymous_7)
FN:160,(anonymous_8)
FN:195,(anonymous_9)
FN:214,(anonymous_10)
FN:238,(anonymous_11)
FN:257,(anonymous_12)
FN:264,(anonymous_13)
FN:279,(anonymous_14)
FN:288,(anonymous_15)
FN:309,(anonymous_16)
FN:319,(anonymous_17)
FN:331,(anonymous_18)
FN:339,(anonymous_19)
FN:346,(anonymous_20)
FN:365,(anonymous_21)
FN:375,(anonymous_22)
FN:385,(anonymous_23)
FN:398,(anonymous_24)
FN:409,(anonymous_25)
FNF:26
FNH:0
FNDA:0,ManageAffiliatesScreen
FNDA:0,(anonymous_1)
FNDA:0,(anonymous_2)
FNDA:0,(anonymous_3)
FNDA:0,(anonymous_4)
FNDA:0,(anonymous_5)
FNDA:0,(anonymous_6)
FNDA:0,(anonymous_7)
FNDA:0,(anonymous_8)
FNDA:0,(anonymous_9)
FNDA:0,(anonymous_10)
FNDA:0,(anonymous_11)
FNDA:0,(anonymous_12)
FNDA:0,(anonymous_13)
FNDA:0,(anonymous_14)
FNDA:0,(anonymous_15)
FNDA:0,(anonymous_16)
FNDA:0,(anonymous_17)
FNDA:0,(anonymous_18)
FNDA:0,(anonymous_19)
FNDA:0,(anonymous_20)
FNDA:0,(anonymous_21)
FNDA:0,(anonymous_22)
FNDA:0,(anonymous_23)
FNDA:0,(anonymous_24)
FNDA:0,(anonymous_25)
DA:20,0
DA:35,0
DA:48,0
DA:49,0
DA:50,0
DA:51,0
DA:52,0
DA:53,0
DA:54,0
DA:56,0
DA:57,0
DA:60,0
DA:61,0
DA:62,0
DA:63,0
DA:64,0
DA:65,0
DA:68,0
DA:69,0
DA:71,0
DA:75,0
DA:76,0
DA:77,0
DA:78,0
DA:81,0
DA:82,0
DA:83,0
DA:94,0
DA:97,0
DA:98,0
DA:99,0
DA:100,0
DA:103,0
DA:104,0
DA:105,0
DA:109,0
DA:111,0
DA:117,0
DA:118,0
DA:119,0
DA:120,0
DA:122,0
DA:125,0
DA:127,0
DA:131,0
DA:132,0
DA:141,0
DA:142,0
DA:146,0
DA:147,0
DA:149,0
DA:152,0
DA:160,0
DA:161,0
DA:162,0
DA:173,0
DA:174,0
DA:177,0
DA:181,0
DA:182,0
DA:191,0
DA:195,0
DA:215,0
DA:238,0
DA:257,0
DA:264,0
DA:279,0
DA:288,0
DA:309,0
DA:319,0
DA:331,0
DA:340,0
DA:346,0
DA:365,0
DA:375,0
DA:386,0
DA:399,0
DA:410,0
DA:423,0
LF:79
LH:0
BRDA:63,0,0,0
BRDA:63,0,1,0
BRDA:89,1,0,0
BRDA:89,1,1,0
BRDA:98,2,0,0
BRDA:98,2,1,0
BRDA:98,3,0,0
BRDA:98,3,1,0
BRDA:105,4,0,0
BRDA:105,4,1,0
BRDA:109,5,0,0
BRDA:109,5,1,0
BRDA:117,6,0,0
BRDA:117,6,1,0
BRDA:120,7,0,0
BRDA:120,7,1,0
BRDA:146,8,0,0
BRDA:146,8,1,0
BRDA:173,9,0,0
BRDA:173,9,1,0
BRDA:181,10,0,0
BRDA:181,10,1,0
BRDA:219,11,0,0
BRDA:219,11,1,0
BRDA:226,12,0,0
BRDA:226,12,1,0
BRDA:240,13,0,0
BRDA:240,13,1,0
BRDA:248,14,0,0
BRDA:248,14,1,0
BRDA:283,15,0,0
BRDA:283,15,1,0
BRDA:292,16,0,0
BRDA:292,16,1,0
BRDA:295,17,0,0
BRDA:295,17,1,0
BRDA:344,18,0,0
BRDA:344,18,1,0
BRDA:351,19,0,0
BRDA:351,19,1,0
BRDA:374,20,0,0
BRDA:374,20,1,0
BRDA:386,21,0,0
BRDA:386,21,1,0
BRF:44
BRH:0
end_of_record
TN:
SF:app/rx-detail.tsx
FN:4,RxDetailRedirect
FN:8,(anonymous_1)
FNF:2
FNH:0
FNDA:0,RxDetailRedirect
FNDA:0,(anonymous_1)
DA:5,0
DA:6,0
DA:8,0
DA:10,0
DA:11,0
DA:13,0
DA:17,0
LF:7
LH:0
BRDA:10,0,0,0
BRDA:10,0,1,0
BRDA:11,1,0,0
BRDA:11,1,1,0
BRF:4
BRH:0
end_of_record
TN:
SF:app/settings.tsx
FN:9,SettingsScreen
FN:15,(anonymous_1)
FN:19,(anonymous_2)
FN:26,(anonymous_3)
FN:47,(anonymous_4)
FN:71,(anonymous_5)
FNF:6
FNH:0
FNDA:0,SettingsScreen
FNDA:0,(anonymous_1)
FNDA:0,(anonymous_2)
FNDA:0,(anonymous_3)
FNDA:0,(anonymous_4)
FNDA:0,(anonymous_5)
DA:10,0
DA:11,0
DA:12,0
DA:13,0
DA:15,0
DA:16,0
DA:19,0
DA:20,0
DA:21,0
DA:22,0
DA:23,0
DA:26,0
DA:27,0
DA:28,0
DA:29,0
DA:31,0
DA:38,0
DA:39,0
DA:47,0
DA:48,0
DA:49,0
DA:51,0
DA:56,0
DA:57,0
DA:63,0
DA:67,0
DA:71,0
DA:140,0
LF:28
LH:0
BRDA:32,0,0,0
BRDA:32,0,1,0
BRDA:33,1,0,0
BRDA:33,1,1,0
BRDA:81,2,0,0
BRDA:81,2,1,0
BRF:6
BRH:0
end_of_record
TN:
SF:app/shop.tsx
FN:33,ShopScreen
FN:42,(anonymous_1)
FN:47,(anonymous_2)
FN:62,(anonymous_3)
FN:73,(anonymous_4)
FN:101,(anonymous_5)
FN:122,(anonymous_6)
FN:135,(anonymous_7)
FN:143,(anonymous_8)
FNF:9
FNH:0
FNDA:0,ShopScreen
FNDA:0,(anonymous_1)
FNDA:0,(anonymous_2)
FNDA:0,(anonymous_3)
FNDA:0,(anonymous_4)
FNDA:0,(anonymous_5)
FNDA:0,(anonymous_6)
FNDA:0,(anonymous_7)
FNDA:0,(anonymous_8)
DA:34,0
DA:35,0
DA:36,0
DA:37,0
DA:38,0
DA:39,0
DA:40,0
DA:42,0
DA:43,0
DA:44,0
DA:47,0
DA:48,0
DA:49,0
DA:50,0
DA:51,0
DA:52,0
DA:58,0
DA:62,0
DA:63,0
DA:64,0
DA:66,0
DA:68,0
DA:69,0
DA:73,0
DA:74,0
DA:76,0
DA:77,0
DA:79,0
DA:80,0
DA:82,0
DA:83,0
DA:84,0
DA:85,0
DA:86,0
DA:93,0
DA:95,0
DA:97,0
DA:101,0
DA:102,0
DA:103,0
DA:104,0
DA:105,0
DA:106,0
DA:109,0
DA:110,0
DA:119,0
DA:122,0
DA:136,0
DA:137,0
DA:144,0
DA:151,0
LF:51
LH:0
BRDA:50,0,0,0
BRDA:50,0,1,0
BRDA:79,1,0,0
BRDA:79,1,1,0
BRDA:83,2,0,0
BRDA:83,2,1,0
BRDA:102,3,0,0
BRDA:102,3,1,0
BRDA:103,4,0,0
BRDA:103,4,1,0
BRDA:104,5,0,0
BRDA:104,5,1,0
BRDA:104,6,0,0
BRDA:104,6,1,0
BRDA:105,7,0,0
BRDA:105,7,1,0
BRDA:105,8,0,0
BRDA:105,8,1,0
BRDA:109,9,0,0
BRDA:109,9,1,0
BRF:20
BRH:0
end_of_record
TN:
SF:app/(tabs)/_layout.tsx
FN:5,TabLayout
FN:31,(anonymous_1)
FN:40,(anonymous_2)
FNF:3
FNH:0
FNDA:0,TabLayout
FNDA:0,(anonymous_1)
FNDA:0,(anonymous_2)
DA:6,0
DA:32,0
DA:41,0
LF:3
LH:0
BRDA:15,0,0,0
BRDA:15,0,1,0
BRDA:16,1,0,0
BRDA:16,1,1,0
BRF:4
BRH:0
end_of_record
TN:
SF:app/(tabs)/family.tsx
FN:26,FamilyScreen
FN:33,(anonymous_1)
FN:38,(anonymous_2)
FN:43,(anonymous_3)
FN:51,(anonymous_4)
FN:52,(anonymous_5)
FN:74,(anonymous_6)
FN:79,(anonymous_7)
FN:90,(anonymous_8)
FN:130,(anonymous_9)
FN:157,(anonymous_10)
FN:163,(anonymous_11)
FN:170,(anonymous_12)
FN:176,(anonymous_13)
FNF:14
FNH:0
FNDA:0,FamilyScreen
FNDA:0,(anonymous_1)
FNDA:0,(anonymous_2)
FNDA:0,(anonymous_3)
FNDA:0,(anonymous_4)
FNDA:0,(anonymous_5)
FNDA:0,(anonymous_6)
FNDA:0,(anonymous_7)
FNDA:0,(anonymous_8)
FNDA:0,(anonymous_9)
FNDA:0,(anonymous_10)
FNDA:0,(anonymous_11)
FNDA:0,(anonymous_12)
FNDA:0,(anonymous_13)
DA:27,0
DA:28,0
DA:29,0
DA:30,0
DA:31,0
DA:33,0
DA:34,0
DA:37,0
DA:39,0
DA:43,0
DA:44,0
DA:45,0
DA:46,0
DA:48,0
DA:49,0
DA:51,0
DA:52,0
DA:53,0
DA:54,0
DA:55,0
DA:58,0
DA:64,0
DA:66,0
DA:67,0
DA:69,0
DA:70,0
DA:74,0
DA:75,0
DA:76,0
DA:79,0
DA:80,0
DA:82,0
DA:91,0
DA:92,0
DA:93,0
DA:94,0
DA:96,0
DA:97,0
DA:99,0
DA:107,0
DA:108,0
DA:118,0
DA:130,0
DA:157,0
DA:164,0
DA:166,0
DA:171,0
DA:177,0
DA:204,0
LF:49
LH:0
BRDA:53,0,0,0
BRDA:53,0,1,0
BRDA:54,1,0,0
BRDA:54,1,1,0
BRDA:80,2,0,0
BRDA:80,2,1,0
BRDA:107,3,0,0
BRDA:107,3,1,0
BRDA:148,4,0,0
BRDA:148,4,1,0
BRDA:164,5,0,0
BRDA:164,5,1,0
BRDA:190,6,0,0
BRDA:190,6,1,0
BRF:14
BRH:0
end_of_record
TN:
SF:app/(tabs)/index.tsx
FN:18,PrescriptionsScreen
FN:26,(anonymous_1)
FN:31,(anonymous_2)
FN:36,(anonymous_3)
FN:54,(anonymous_4)
FN:59,(anonymous_5)
FN:60,(anonymous_6)
FN:65,(anonymous_7)
FN:68,(anonymous_8)
FN:103,(anonymous_9)
FN:109,(anonymous_10)
FN:129,(anonymous_11)
FN:140,(anonymous_12)
FN:147,(anonymous_13)
FN:186,(anonymous_14)
FN:201,(anonymous_15)
FN:205,(anonymous_16)
FN:209,(anonymous_17)
FNF:18
FNH:0
FNDA:0,PrescriptionsScreen
FNDA:0,(anonymous_1)
FNDA:0,(anonymous_2)
FNDA:0,(anonymous_3)
FNDA:0,(anonymous_4)
FNDA:0,(anonymous_5)
FNDA:0,(anonymous_6)
FNDA:0,(anonymous_7)
FNDA:0,(anonymous_8)
FNDA:0,(anonymous_9)
FNDA:0,(anonymous_10)
FNDA:0,(anonymous_11)
FNDA:0,(anonymous_12)
FNDA:0,(anonymous_13)
FNDA:0,(anonymous_14)
FNDA:0,(anonymous_15)
FNDA:0,(anonymous_16)
FNDA:0,(anonymous_17)
DA:19,0
DA:20,0
DA:21,0
DA:22,0
DA:23,0
DA:24,0
DA:26,0
DA:27,0
DA:30,0
DA:32,0
DA:36,0
DA:37,0
DA:38,0
DA:43,0
DA:44,0
DA:46,0
DA:47,0
DA:49,0
DA:50,0
DA:54,0
DA:55,0
DA:56,0
DA:59,0
DA:60,0
DA:61,0
DA:64,0
DA:65,0
DA:68,0
DA:69,0
DA:70,0
DA:71,0
DA:73,0
DA:74,0
DA:77,0
DA:78,0
DA:88,0
DA:103,0
DA:109,0
DA:129,0
DA:141,0
DA:147,0
DA:186,0
DA:202,0
DA:206,0
DA:210,0
DA:242,0
LF:46
LH:0
BRDA:61,0,0,0
BRDA:61,0,1,0
BRDA:64,1,0,0
BRDA:64,1,1,0
BRDA:70,2,0,0
BRDA:70,2,1,0
BRDA:77,3,0,0
BRDA:77,3,1,0
BRDA:117,4,0,0
BRDA:117,4,1,0
BRDA:127,5,0,0
BRDA:127,5,1,0
BRDA:134,6,0,0
BRDA:134,6,1,0
BRDA:145,7,0,0
BRDA:145,7,1,0
BRDA:152,8,0,0
BRDA:152,8,1,0
BRDA:174,9,0,0
BRDA:174,9,1,0
BRDA:179,10,0,0
BRDA:179,10,1,0
BRDA:183,11,0,0
BRDA:183,11,1,0
BRDA:192,12,0,0
BRDA:192,12,1,0
BRDA:221,13,0,0
BRDA:221,13,1,0
BRDA:226,14,0,0
BRDA:226,14,1,0
BRF:30
BRH:0
end_of_record
TN:
SF:app/member/[id].tsx
FN:3,MemberDetailScreen
FN:11,(anonymous_1)
FN:15,(anonymous_2)
FN:36,(anonymous_3)
FN:41,(anonymous_4)
FN:48,(anonymous_5)
FN:59,(anonymous_6)
FN:76,(anonymous_7)
FN:79,(anonymous_8)
FN:85,(anonymous_9)
FN:89,(anonymous_10)
FN:119,(anonymous_11)
FN:133,(anonymous_12)
FN:141,(anonymous_13)
FNF:14
FNH:0
FNDA:0,MemberDetailScreen
FNDA:0,(anonymous_1)
FNDA:0,(anonymous_2)
FNDA:0,(anonymous_3)
FNDA:0,(anonymous_4)
FNDA:0,(anonymous_5)
FNDA:0,(anonymous_6)
FNDA:0,(anonymous_7)
FNDA:0,(anonymous_8)
FNDA:0,(anonymous_9)
FNDA:0,(anonymous_10)
FNDA:0,(anonymous_11)
FNDA:0,(anonymous_12)
FNDA:0,(anonymous_13)
DA:4,0
DA:5,0
DA:6,0
DA:7,0
DA:8,0
DA:9,0
DA:11,0
DA:12,0
DA:13,0
DA:14,0
DA:15,0
DA:17,0
DA:18,0
DA:20,0
DA:21,0
DA:22,0
DA:25,0
DA:26,0
DA:28,0
DA:29,0
DA:31,0
DA:35,0
DA:37,0
DA:41,0
DA:42,0
DA:48,0
DA:49,0
DA:51,0
DA:60,0
DA:61,0
DA:62,0
DA:63,0
DA:65,0
DA:67,0
DA:76,0
DA:77,0
DA:80,0
DA:85,0
DA:89,0
DA:90,0
DA:99,0
DA:119,0
DA:133,0
DA:141,0
LF:44
LH:0
BRDA:17,0,0,0
BRDA:17,0,1,0
BRDA:49,1,0,0
BRDA:49,1,1,0
BRDA:101,2,0,0
BRDA:101,2,1,0
BRDA:103,3,0,0
BRDA:103,3,1,0
BRDA:111,4,0,0
BRDA:111,4,1,0
BRDA:124,5,0,0
BRDA:124,5,1,0
BRDA:126,6,0,0
BRDA:126,6,1,0
BRDA:127,7,0,0
BRDA:127,7,1,0
BRF:16
BRH:0
end_of_record
TN:
SF:app/prescription/[id].tsx
FN:22,PrescriptionDetailScreen
FN:32,(anonymous_1)
FN:33,(anonymous_2)
FN:84,(anonymous_3)
FN:89,(anonymous_4)
FN:140,(anonymous_5)
FNF:6
FNH:0
FNDA:0,PrescriptionDetailScreen
FNDA:0,(anonymous_1)
FNDA:0,(anonymous_2)
FNDA:0,(anonymous_3)
FNDA:0,(anonymous_4)
FNDA:0,(anonymous_5)
DA:23,0
DA:24,0
DA:25,0
DA:26,0
DA:27,0
DA:28,0
DA:29,0
DA:30,0
DA:32,0
DA:33,0
DA:34,0
DA:36,0
DA:38,0
DA:39,0
DA:41,0
DA:42,0
DA:43,0
DA:44,0
DA:48,0
DA:49,0
DA:50,0
DA:51,0
DA:52,0
DA:55,0
DA:56,0
DA:60,0
DA:61,0
DA:62,0
DA:63,0
DA:67,0
DA:68,0
DA:70,0
DA:71,0
DA:72,0
DA:75,0
DA:76,0
DA:81,0
DA:84,0
DA:85,0
DA:89,0
DA:90,0
DA:92,0
DA:93,0
DA:94,0
DA:95,0
DA:96,0
DA:97,0
DA:101,0
DA:102,0
DA:103,0
DA:105,0
DA:106,0
DA:107,0
DA:109,0
DA:115,0
DA:116,0
DA:119,0
DA:121,0
DA:123,0
DA:124,0
DA:126,0
DA:127,0
DA:128,0
DA:130,0
DA:134,0
DA:136,0
DA:140,0
DA:141,0
DA:143,0
DA:144,0
DA:145,0
DA:178,0
DA:180,0
DA:182,0
DA:184,0
DA:185,0
DA:187,0
DA:189,0
DA:193,0
DA:195,0
DA:199,0
DA:200,0
DA:207,0
DA:208,0
DA:218,0
DA:304,0
DA:306,0
LF:87
LH:0
BRDA:38,0,0,0
BRDA:38,0,1,0
BRDA:49,1,0,0
BRDA:49,1,1,0
BRDA:55,2,0,0
BRDA:55,2,1,0
BRDA:60,3,0,0
BRDA:60,3,1,0
BRDA:62,4,0,0
BRDA:62,4,1,0
BRDA:70,5,0,0
BRDA:70,5,1,0
BRDA:75,6,0,0
BRDA:75,6,1,0
BRDA:90,7,0,0
BRDA:90,7,1,0
BRDA:90,8,0,0
BRDA:90,8,1,0
BRDA:90,8,2,0
BRDA:95,9,0,0
BRDA:95,9,1,0
BRDA:102,10,0,0
BRDA:102,10,1,0
BRDA:115,11,0,0
BRDA:115,11,1,0
BRDA:123,12,0,0
BRDA:123,12,1,0
BRDA:124,13,0,0
BRDA:124,13,1,0
BRDA:124,14,0,0
BRDA:124,14,1,0
BRDA:127,15,0,0
BRDA:127,15,1,0
BRDA:127,16,0,0
BRDA:127,16,1,0
BRDA:141,17,0,0
BRDA:141,17,1,0
BRDA:141,18,0,0
BRDA:141,18,1,0
BRDA:141,18,2,0
BRDA:170,19,0,0
BRDA:170,19,1,0
BRDA:172,20,0,0
BRDA:172,20,1,0
BRDA:184,21,0,0
BRDA:184,21,1,0
BRDA:185,22,0,0
BRDA:185,22,1,0
BRDA:185,23,0,0
BRDA:185,23,1,0
BRDA:199,24,0,0
BRDA:199,24,1,0
BRDA:207,25,0,0
BRDA:207,25,1,0
BRDA:207,26,0,0
BRDA:207,26,1,0
BRDA:222,27,0,0
BRDA:222,27,1,0
BRDA:239,28,0,0
BRDA:239,28,1,0
BRDA:245,29,0,0
BRDA:245,29,1,0
BRDA:256,30,0,0
BRDA:256,30,1,0
BRDA:270,31,0,0
BRDA:270,31,1,0
BRDA:275,32,0,0
BRDA:275,32,1,0
BRDA:287,33,0,0
BRDA:287,33,1,0
BRDA:292,34,0,0
BRDA:292,34,1,0
BRF:72
BRH:0
end_of_record
TN:
SF:services/analytics.ts
FN:10,(anonymous_0)
FN:16,(anonymous_1)
FN:30,(anonymous_2)
FN:54,(anonymous_3)
FN:65,(anonymous_4)
FN:66,(anonymous_5)
FN:67,(anonymous_6)
FN:78,(anonymous_7)
FN:79,(anonymous_8)
FN:80,(anonymous_9)
FN:81,(anonymous_10)
FNF:11
FNH:0
FNDA:0,(anonymous_0)
FNDA:0,(anonymous_1)
FNDA:0,(anonymous_2)
FNDA:0,(anonymous_3)
FNDA:0,(anonymous_4)
FNDA:0,(anonymous_5)
FNDA:0,(anonymous_6)
FNDA:0,(anonymous_7)
FNDA:0,(anonymous_8)
FNDA:0,(anonymous_9)
FNDA:0,(anonymous_10)
DA:5,0
DA:6,0
DA:7,0
DA:10,0
DA:11,0
DA:12,0
DA:13,0
DA:14,0
DA:15,0
DA:16,0
DA:19,0
DA:20,0
DA:22,0
DA:24,0
DA:25,0
DA:30,0
DA:34,0
DA:35,0
DA:36,0
DA:38,0
DA:46,0
DA:47,0
DA:49,0
DA:54,0
DA:55,0
DA:56,0
DA:57,0
DA:59,0
DA:60,0
DA:61,0
DA:63,0
DA:65,0
DA:66,0
DA:68,0
DA:69,0
DA:73,0
DA:78,0
DA:79,0
DA:80,0
DA:81,0
LF:40
LH:0
BRDA:13,0,0,0
BRDA:13,0,1,0
BRDA:36,1,0,0
BRDA:36,1,1,0
BRDA:57,2,0,0
BRDA:57,2,1,0
BRDA:68,3,0,0
BRDA:68,3,1,0
BRF:8
BRH:0
end_of_record
TN:
SF:services/authentication.ts
FN:19,(anonymous_0)
FN:32,(anonymous_1)
FN:43,(anonymous_2)
FN:50,(anonymous_3)
FN:73,(anonymous_4)
FN:117,(anonymous_5)
FN:123,(anonymous_6)
FN:128,(anonymous_7)
FN:132,(anonymous_8)
FN:171,(anonymous_9)
FNF:10
FNH:5
FNDA:9,(anonymous_0)
FNDA:5,(anonymous_1)
FNDA:3,(anonymous_2)
FNDA:7,(anonymous_3)
FNDA:4,(anonymous_4)
FNDA:0,(anonymous_5)
FNDA:0,(anonymous_6)
FNDA:0,(anonymous_7)
FNDA:0,(anonymous_8)
FNDA:0,(anonymous_9)
DA:4,1
DA:5,1
DA:6,1
DA:7,1
DA:8,1
DA:9,1
DA:19,1
DA:20,9
DA:21,9
DA:22,9
DA:23,4
DA:25,0
DA:32,1
DA:33,5
DA:34,5
DA:36,0
DA:43,1
DA:44,3
DA:50,1
DA:51,7
DA:53,7
DA:54,2
DA:55,2
DA:56,1
DA:62,1
DA:63,1
DA:67,5
DA:73,1
DA:75,4
DA:76,4
DA:77,0
DA:80,4
DA:81,4
DA:87,4
DA:89,2
DA:92,2
DA:93,2
DA:95,2
DA:97,0
DA:101,0
DA:103,2
DA:110,4
DA:112,0
DA:113,0
DA:117,1
DA:118,0
DA:119,0
DA:120,0
DA:123,1
DA:124,0
DA:125,0
DA:128,1
DA:129,0
DA:132,1
DA:133,0
DA:135,0
DA:136,0
DA:139,0
DA:141,0
DA:142,0
DA:146,0
DA:147,0
DA:148,0
DA:149,0
DA:150,0
DA:154,0
DA:156,0
DA:158,0
DA:160,0
DA:161,0
DA:164,0
DA:166,0
DA:167,0
DA:171,1
DA:172,0
LF:75
LH:42
BRDA:22,0,0,5
BRDA:22,0,1,4
BRDA:53,1,0,2
BRDA:53,1,1,5
BRDA:55,2,0,1
BRDA:55,2,1,1
BRDA:76,3,0,0
BRDA:76,3,1,4
BRDA:87,4,0,2
BRDA:87,4,1,2
BRDA:95,5,0,0
BRDA:95,5,1,2
BRDA:120,6,0,0
BRDA:120,6,1,0
BRDA:132,7,0,0
BRDA:135,8,0,0
BRDA:135,8,1,0
BRDA:141,9,0,0
BRDA:141,9,1,0
BRDA:147,10,0,0
BRDA:147,10,1,0
BRDA:149,11,0,0
BRDA:149,11,1,0
BRDA:158,12,0,0
BRDA:158,12,1,0
BRF:25
BRH:10
end_of_record
TN:
SF:services/encryption.ts
FN:7,(anonymous_0)
FN:27,(anonymous_1)
FN:40,(anonymous_2)
FN:56,(anonymous_3)
FN:67,(anonymous_4)
FNF:5
FNH:5
FNDA:13,(anonymous_0)
FNDA:3,(anonymous_1)
FNDA:4,(anonymous_2)
FNDA:2,(anonymous_3)
FNDA:3,(anonymous_4)
DA:4,1
DA:7,1
DA:8,13
DA:9,13
DA:10,13
DA:11,0
DA:13,0
DA:14,0
DA:15,0
DA:17,13
DA:19,13
DA:21,0
DA:22,0
DA:27,1
DA:28,3
DA:29,3
DA:30,3
DA:31,3
DA:32,3
DA:34,0
DA:35,0
DA:40,1
DA:41,4
DA:42,4
DA:43,4
DA:44,4
DA:45,4
DA:46,1
DA:48,3
DA:50,1
DA:51,1
DA:56,1
DA:57,2
DA:58,2
DA:59,2
DA:61,0
DA:62,0
DA:67,1
DA:68,3
DA:69,3
DA:70,3
DA:71,3
DA:73,0
DA:74,0
LF:44
LH:32
BRDA:10,0,0,0
BRDA:10,0,1,13
BRDA:45,1,0,1
BRDA:45,1,1,3
BRDA:62,2,0,0
BRDA:62,2,1,0
BRDA:74,3,0,0
BRDA:74,3,1,0
BRF:8
BRH:3
end_of_record
TN:
SF:services/localStorage.ts
FN:12,(anonymous_0)
FN:14,(anonymous_1)
FN:14,(anonymous_2)
FN:44,(anonymous_3)
FN:49,(anonymous_4)
FN:52,(anonymous_5)
FN:67,(anonymous_6)
FN:68,(anonymous_7)
FN:70,(anonymous_8)
FN:78,(anonymous_9)
FN:85,(anonymous_10)
FN:89,(anonymous_11)
FN:93,(anonymous_12)
FN:96,(anonymous_13)
FN:102,(anonymous_14)
FN:127,(anonymous_15)
FN:128,(anonymous_16)
FN:130,(anonymous_17)
FN:138,(anonymous_18)
FNF:19
FNH:0
FNDA:0,(anonymous_0)
FNDA:0,(anonymous_1)
FNDA:0,(anonymous_2)
FNDA:0,(anonymous_3)
FNDA:0,(anonymous_4)
FNDA:0,(anonymous_5)
FNDA:0,(anonymous_6)
FNDA:0,(anonymous_7)
FNDA:0,(anonymous_8)
FNDA:0,(anonymous_9)
FNDA:0,(anonymous_10)
FNDA:0,(anonymous_11)
FNDA:0,(anonymous_12)
FNDA:0,(anonymous_13)
FNDA:0,(anonymous_14)
FNDA:0,(anonymous_15)
FNDA:0,(anonymous_16)
FNDA:0,(anonymous_17)
FNDA:0,(anonymous_18)
DA:3,0
DA:4,0
DA:10,0
DA:12,0
DA:13,0
DA:14,0
DA:15,0
DA:44,0
DA:45,0
DA:46,0
DA:49,0
DA:52,0
DA:53,0
DA:55,0
DA:61,0
DA:62,0
DA:64,0
DA:67,0
DA:68,0
DA:69,0
DA:70,0
DA:71,0
DA:78,0
DA:81,0
DA:82,0
DA:84,0
DA:85,0
DA:89,0
DA:92,0
DA:93,0
DA:96,0
DA:102,0
DA:103,0
DA:105,0
DA:106,0
DA:107,0
DA:108,0
DA:110,0
DA:121,0
DA:122,0
DA:124,0
DA:127,0
DA:128,0
DA:129,0
DA:130,0
DA:131,0
DA:138,0
DA:139,0
DA:140,0
DA:142,0
LF:50
LH:0
BRDA:46,0,0,0
BRDA:46,0,1,0
BRDA:82,1,0,0
BRDA:82,1,1,0
BRDA:84,2,0,0
BRDA:84,2,1,0
BRDA:93,3,0,0
BRDA:93,3,1,0
BRF:8
BRH:0
end_of_record
TN:
SF:services/validation.ts
FN:9,(anonymous_0)
FN:37,(anonymous_1)
FN:49,(anonymous_2)
FN:55,(anonymous_3)
FN:80,(anonymous_4)
FN:86,(anonymous_5)
FNF:6
FNH:0
FNDA:0,(anonymous_0)
FNDA:0,(anonymous_1)
FNDA:0,(anonymous_2)
FNDA:0,(anonymous_3)
FNDA:0,(anonymous_4)
FNDA:0,(anonymous_5)
DA:9,0
DA:10,0
DA:11,0
DA:14,0
DA:15,0
DA:24,0
DA:31,0
DA:32,0
DA:37,0
DA:38,0
DA:39,0
DA:40,0
DA:42,0
DA:49,0
DA:50,0
DA:51,0
DA:52,0
DA:55,0
DA:56,0
DA:59,0
DA:62,0
DA:63,0
DA:66,0
DA:67,0
DA:70,0
DA:72,0
DA:73,0
DA:80,0
DA:81,0
DA:82,0
DA:86,0
DA:87,0
DA:88,0
DA:90,0
DA:91,0
LF:35
LH:0
BRDA:10,0,0,0
BRDA:10,0,1,0
BRDA:10,1,0,0
BRDA:10,1,1,0
BRDA:59,2,0,0
BRDA:59,2,1,0
BRDA:63,3,0,0
BRDA:63,3,1,0
BRDA:66,4,0,0
BRDA:66,4,1,0
BRDA:66,5,0,0
BRDA:66,5,1,0
BRDA:88,6,0,0
BRDA:88,6,1,0
BRDA:91,7,0,0
BRDA:91,7,1,0
BRF:16
BRH:0
end_of_record
TN:
SF:utils/errorHandler.ts
FN:26,classifyError
FN:49,getUserFriendlyMessage
FN:67,logError
FN:97,getErrorLog
FN:108,clearErrorLog
FN:117,handleGlobalError
FN:144,(anonymous_6)
FN:161,handleUnhandledRejection
FN:195,setupGlobalErrorHandlers
FN:202,(anonymous_9)
FN:216,(anonymous_10)
FN:219,(anonymous_11)
FN:225,(anonymous_12)
FNF:13
FNH:0
FNDA:0,classifyError
FNDA:0,getUserFriendlyMessage
FNDA:0,logError
FNDA:0,getErrorLog
FNDA:0,clearErrorLog
FNDA:0,handleGlobalError
FNDA:0,(anonymous_6)
FNDA:0,handleUnhandledRejection
FNDA:0,setupGlobalErrorHandlers
FNDA:0,(anonymous_9)
FNDA:0,(anonymous_10)
FNDA:0,(anonymous_11)
FNDA:0,(anonymous_12)
DA:4,0
DA:5,0
DA:27,0
DA:29,0
DA:30,0
DA:32,0
DA:33,0
DA:35,0
DA:36,0
DA:38,0
DA:39,0
DA:41,0
DA:42,0
DA:45,0
DA:50,0
DA:52,0
DA:54,0
DA:56,0
DA:58,0
DA:60,0
DA:62,0
DA:68,0
DA:69,0
DA:70,0
DA:72,0
DA:73,0
DA:74,0
DA:77,0
DA:82,0
DA:85,0
DA:86,0
DA:89,0
DA:92,0
DA:98,0
DA:99,0
DA:100,0
DA:101,0
DA:103,0
DA:109,0
DA:110,0
DA:112,0
DA:118,0
DA:120,0
DA:121,0
DA:124,0
DA:135,0
DA:138,0
DA:145,0
DA:147,0
DA:165,0
DA:168,0
DA:169,0
DA:170,0
DA:173,0
DA:183,0
DA:186,0
DA:197,0
DA:198,0
DA:201,0
DA:202,0
DA:203,0
DA:206,0
DA:207,0
DA:213,0
DA:214,0
DA:217,0
DA:225,0
DA:227,0
DA:228,0
DA:231,0
LF:70
LH:0
BRDA:29,0,0,0
BRDA:29,0,1,0
BRDA:29,1,0,0
BRDA:29,1,1,0
BRDA:32,2,0,0
BRDA:32,2,1,0
BRDA:32,3,0,0
BRDA:32,3,1,0
BRDA:32,3,2,0
BRDA:35,4,0,0
BRDA:35,4,1,0
BRDA:35,5,0,0
BRDA:35,5,1,0
BRDA:35,5,2,0
BRDA:38,6,0,0
BRDA:38,6,1,0
BRDA:38,7,0,0
BRDA:38,7,1,0
BRDA:38,7,2,0
BRDA:41,8,0,0
BRDA:41,8,1,0
BRDA:41,9,0,0
BRDA:41,9,1,0
BRDA:41,9,2,0
BRDA:50,10,0,0
BRDA:50,10,1,0
BRDA:50,10,2,0
BRDA:50,10,3,0
BRDA:50,10,4,0
BRDA:50,10,5,0
BRDA:72,11,0,0
BRDA:72,11,1,0
BRDA:85,12,0,0
BRDA:85,12,1,0
BRDA:100,13,0,0
BRDA:100,13,1,0
BRDA:117,14,0,0
BRDA:139,15,0,0
BRDA:139,15,1,0
BRDA:145,16,0,0
BRDA:145,16,1,0
BRDA:168,17,0,0
BRDA:168,17,1,0
BRDA:176,18,0,0
BRDA:176,18,1,0
BRDA:201,19,0,0
BRDA:201,19,1,0
BRDA:206,20,0,0
BRDA:206,20,1,0
BRDA:227,21,0,0
BRDA:227,21,1,0
BRDA:227,22,0,0
BRDA:227,22,1,0
BRF:53
BRH:0
end_of_record
TN:
SF:utils/storage.ts
FN:6,(anonymous_0)
FN:27,delay
FN:28,(anonymous_2)
FN:32,getBackupKey
FN:37,isQuotaExceededError
FN:48,isCorruptionError
FN:59,handleStorageError
FN:93,safeGetItem
FN:119,safeSetItem
FN:168,getItemWithRecovery
FN:233,validateJSON
FN:243,clearBackup
FN:252,getStorageInfo
FNF:13
FNH:12
FNDA:4,(anonymous_0)
FNDA:2,delay
FNDA:2,(anonymous_2)
FNDA:3,getBackupKey
FNDA:2,isQuotaExceededError
FNDA:0,isCorruptionError
FNDA:1,handleStorageError
FNDA:9,safeGetItem
FNDA:5,safeSetItem
FNDA:3,getItemWithRecovery
FNDA:6,validateJSON
FNDA:1,clearBackup
FNDA:2,getStorageInfo
DA:17,4
DA:18,4
DA:23,1
DA:24,1
DA:28,2
DA:33,3
DA:38,2
DA:49,0
DA:60,1
DA:61,1
DA:63,1
DA:65,1
DA:66,1
DA:67,1
DA:69,0
DA:70,0
DA:71,0
DA:73,0
DA:74,0
DA:75,0
DA:77,0
DA:78,0
DA:79,0
DA:81,0
DA:82,0
DA:83,0
DA:85,0
DA:86,0
DA:89,1
DA:97,9
DA:98,9
DA:99,7
DA:101,2
DA:104,2
DA:105,2
DA:106,2
DA:110,0
DA:125,5
DA:127,5
DA:128,4
DA:129,4
DA:130,4
DA:131,1
DA:134,0
DA:139,5
DA:141,2
DA:144,2
DA:145,2
DA:153,0
DA:154,0
DA:155,0
DA:159,0
DA:172,3
DA:174,3
DA:176,3
DA:177,1
DA:181,2
DA:182,2
DA:184,1
DA:187,1
DA:188,1
DA:190,1
DA:191,1
DA:194,1
DA:196,1
DA:202,1
DA:205,0
DA:209,0
DA:216,0
DA:219,0
DA:220,0
DA:224,0
DA:234,6
DA:235,6
DA:236,3
DA:238,3
DA:244,1
DA:245,1
DA:247,0
DA:256,2
DA:257,2
DA:258,1
DA:261,1
DA:262,2
DA:263,2
DA:264,2
DA:265,2
DA:272,1
DA:276,1
DA:277,1
LF:90
LH:62
BRDA:39,0,0,2
BRDA:39,0,1,2
BRDA:39,0,2,0
BRDA:39,0,3,0
BRDA:39,0,4,0
BRDA:50,1,0,0
BRDA:50,1,1,0
BRDA:50,1,2,0
BRDA:50,1,3,0
BRDA:50,1,4,0
BRDA:63,2,0,1
BRDA:63,2,1,0
BRDA:63,2,2,0
BRDA:63,2,3,0
BRDA:63,2,4,0
BRDA:63,2,5,0
BRDA:95,3,0,7
BRDA:104,4,0,2
BRDA:104,4,1,0
BRDA:122,5,0,3
BRDA:123,6,0,5
BRDA:127,7,0,4
BRDA:127,7,1,1
BRDA:130,8,0,1
BRDA:130,8,1,3
BRDA:144,9,0,2
BRDA:144,9,1,0
BRDA:153,10,0,0
BRDA:153,10,1,0
BRDA:176,11,0,1
BRDA:176,11,1,2
BRDA:190,12,0,1
BRDA:190,12,1,0
BRDA:219,13,0,0
BRDA:219,13,1,0
BRDA:264,14,0,2
BRDA:264,14,1,0
BRF:37
BRH:16
end_of_record
